<?xml version="1.0" encoding="UTF-8"?>
<!-- Generated by org.testng.reporters.JUnitXMLReporter -->
<testsuite hostname="BKRISTIP-IN" name="Surefire test" tests="6" failures="0" timestamp="8 Nov 2019 17:12:40 GMT" time="48.306" errors="0">
  <testcase name="testParallel" time="13.801" classname="com.n26.bestbuy.api.categories.CategoriesTest"/>
  <testcase name="testParallel" time="12.07" classname="com.n26.bestbuy.api.PlayGroundTest"/>
  <testcase name="testParallel" time="12.589" classname="com.n26.bestbuy.api.products.ProductsTest"/>
  <testcase name="testParallel" time="2.912" classname="com.n26.bestbuy.api.services.ServicesTest"/>
  <testcase name="testParallel" time="4.137" classname="com.n26.bestbuy.api.stores.StoresTest"/>
  <testcase name="testParallel" time="2.751" classname="com.n26.bestbuy.api.utilities.HealthCheckTest"/>
</testsuite> <!-- Surefire test -->
