<testsuite failures="0" name="com/n26/bestbuy/api/categories/categories-delete.feature" skipped="0" tests="3" time="4.580178">
  <testcase classname="com.n26.bestbuy.api.categories.categories-delete" name="Get the Categories with filters" time="1.821071">
    <system-out>* url baseURL ............................................................. passed
Given path 'categories' ................................................... passed
And param name[$like] = '*Mobile*' ........................................ passed
When method get ........................................................... passed
Then status 200 ........................................................... passed
* print response .......................................................... passed</system-out>
  </testcase>
  <testcase classname="com.n26.bestbuy.api.categories.categories-delete" name="Get the Categories with name" time="1.112683">
    <system-out>* url baseURL ............................................................. passed
Given path 'categories' ................................................... passed
And param name[$like] = '*Mobile*' ........................................ passed
When method get ........................................................... passed
Then status 200 ........................................................... passed
* print response .......................................................... passed
* url baseURL ............................................................. passed
Given path 'categories' ................................................... passed
And param $select[] = 'name' .............................................. passed
When method get ........................................................... passed
Then status 500 ........................................................... passed
* print response .......................................................... passed</system-out>
  </testcase>
  <testcase classname="com.n26.bestbuy.api.categories.categories-delete" name="Get the Categories which has mobile" time="1.646423">
    <system-out>* url baseURL ............................................................. passed
Given path 'categories' ................................................... passed
And param name[$like] = '*Mobile*' ........................................ passed
When method get ........................................................... passed
Then status 200 ........................................................... passed
* print response .......................................................... passed
* url baseURL ............................................................. passed
Given path 'categories' ................................................... passed
And param $select[] = 'name' .............................................. passed
When method get ........................................................... passed
Then status 500 ........................................................... passed
* print response .......................................................... passed
* url baseURL ............................................................. passed
Given path 'categories' ................................................... passed
And param name[$like] = '*Mobile*' ........................................ passed
When method get ........................................................... passed
Then status 200 ........................................................... passed
* print response .......................................................... passed</system-out>
  </testcase>
</testsuite>
