<testsuite failures="0" name="com/n26/bestbuy/api/categories/categories-patch.feature" skipped="0" tests="3" time="8.090177">
  <testcase classname="com.n26.bestbuy.api.categories.categories-patch" name="Get the Categories with filters" time="4.604597">
    <system-out>* url baseURL ............................................................. passed
Given path 'categories' ................................................... passed
And param name[$like] = '*Mobile*' ........................................ passed
When method get ........................................................... passed
Then status 200 ........................................................... passed
* print response .......................................................... passed</system-out>
  </testcase>
  <testcase classname="com.n26.bestbuy.api.categories.categories-patch" name="Get the Categories with name" time="1.206536">
    <system-out>* url baseURL ............................................................. passed
Given path 'categories' ................................................... passed
And param name[$like] = '*Mobile*' ........................................ passed
When method get ........................................................... passed
Then status 200 ........................................................... passed
* print response .......................................................... passed
* url baseURL ............................................................. passed
Given path 'categories' ................................................... passed
And param $select[] = 'name' .............................................. passed
When method get ........................................................... passed
Then status 500 ........................................................... passed
* print response .......................................................... passed</system-out>
  </testcase>
  <testcase classname="com.n26.bestbuy.api.categories.categories-patch" name="Get the Categories which has mobile" time="2.279044">
    <system-out>* url baseURL ............................................................. passed
Given path 'categories' ................................................... passed
And param name[$like] = '*Mobile*' ........................................ passed
When method get ........................................................... passed
Then status 200 ........................................................... passed
* print response .......................................................... passed
* url baseURL ............................................................. passed
Given path 'categories' ................................................... passed
And param $select[] = 'name' .............................................. passed
When method get ........................................................... passed
Then status 500 ........................................................... passed
* print response .......................................................... passed
* url baseURL ............................................................. passed
Given path 'categories' ................................................... passed
And param name[$like] = '*Mobile*' ........................................ passed
When method get ........................................................... passed
Then status 200 ........................................................... passed
* print response .......................................................... passed</system-out>
  </testcase>
</testsuite>
