<testsuite failures="0" name="com/n26/bestbuy/api/services/services-get.feature" skipped="0" tests="2" time="3.296924">
  <testcase classname="com.n26.bestbuy.api.services.services-get" name="Get the services" time="1.662755">
    <system-out>* url baseURL ............................................................. passed
Given path 'services' ..................................................... passed
When method get ........................................................... passed
Then status 200 ........................................................... passed</system-out>
  </testcase>
  <testcase classname="com.n26.bestbuy.api.services.services-get" name="Get the services" time="1.634168">
    <system-out>* url baseURL ............................................................. passed
Given path 'services' ..................................................... passed
When method get ........................................................... passed
Then status 200 ........................................................... passed
* url baseURL ............................................................. passed
Given path 'services' ..................................................... passed
When method get ........................................................... passed
Given param $limit = 15 ................................................... passed
Then status 200 ........................................................... passed</system-out>
  </testcase>
</testsuite>
