<testsuite failures="0" name="com/n26/bestbuy/api/services/services-post.feature" skipped="0" tests="2" time="1.000614">
  <testcase classname="com.n26.bestbuy.api.services.services-post" name="Get the services" time="0.512433">
    <system-out>* url baseURL ............................................................. passed
Given path 'services' ..................................................... passed
When method get ........................................................... passed
Then status 200 ........................................................... passed</system-out>
  </testcase>
  <testcase classname="com.n26.bestbuy.api.services.services-post" name="Get the services" time="0.48818">
    <system-out>* url baseURL ............................................................. passed
Given path 'services' ..................................................... passed
When method get ........................................................... passed
Then status 200 ........................................................... passed
* url baseURL ............................................................. passed
Given path 'services' ..................................................... passed
When method get ........................................................... passed
Given param $limit = 15 ................................................... passed
Then status 200 ........................................................... passed</system-out>
  </testcase>
</testsuite>
