<?xml version="1.0" encoding="UTF-8"?>
<testsuite xmlns:xsi="http://www.w3.org/2001/XMLSchema-instance" xsi:noNamespaceSchemaLocation="https://maven.apache.org/surefire/maven-surefire-plugin/xsd/surefire-test-report.xsd" name="com.n26.bestbuy.api.PlayGroundTest" time="39.776" tests="1" errors="0" skipped="0" failures="1">
  <properties>
[...]
</properties>
  <testcase name="testParallel" classname="com.n26.bestbuy.api.PlayGroundTest" time="39.404">
    <failure message="failed features:&#10;com.n26.bestbuy.api.products.products-patch: products-patch.feature:11 - &#10;java.net.SocketTimeoutException: Read timed out&#10;" type="java.lang.AssertionError">java.lang.AssertionError: 
failed features:
com.n26.bestbuy.api.products.products-patch: products-patch.feature:11 - 
java.net.SocketTimeoutException: Read timed out

	at com.n26.bestbuy.api.PlayGroundTest.testParallel(PlayGroundTest.java:26)
</failure>
    <system-out><![CDATA[22:48:49.976 [ForkJoinPool-1-worker-5] INFO  com.intuit.karate - karate.env system property was: null 
22:48:49.964 [ForkJoinPool-1-worker-4] INFO  com.intuit.karate - karate.env system property was: null 
22:48:49.965 [ForkJoinPool-1-worker-3] INFO  com.intuit.karate - karate.env system property was: null 
22:48:49.953 [ForkJoinPool-1-worker-1] INFO  com.intuit.karate - karate.env system property was: null 
22:48:49.952 [ForkJoinPool-1-worker-2] INFO  com.intuit.karate - karate.env system property was: null 
22:48:54.329 [ForkJoinPool-1-worker-2] DEBUG com.intuit.karate - request:
1 > GET http://localhost:3030/products?%24select%5B%5D=description
1 > Accept-Encoding: gzip,deflate
1 > Connection: Keep-Alive
1 > Host: localhost:3030
1 > User-Agent: Apache-HttpClient/4.5.5 (Java/1.8.0_221)

22:48:54.329 [ForkJoinPool-1-worker-3] DEBUG com.intuit.karate - request:
1 > GET http://localhost:3030/categories?name%5B%24like%5D=*Mobile*
1 > Accept-Encoding: gzip,deflate
1 > Connection: Keep-Alive
1 > Host: localhost:3030
1 > User-Agent: Apache-HttpClient/4.5.5 (Java/1.8.0_221)

22:48:54.330 [ForkJoinPool-1-worker-1] DEBUG com.intuit.karate - request:
1 > GET http://localhost:3030/categories?name%5B%24like%5D=*Mobile*
1 > Accept-Encoding: gzip,deflate
1 > Connection: Keep-Alive
1 > Host: localhost:3030
1 > User-Agent: Apache-HttpClient/4.5.5 (Java/1.8.0_221)

22:48:54.331 [ForkJoinPool-1-worker-4] DEBUG com.intuit.karate - request:
1 > GET http://localhost:3030/categories?%24select%5B%5D=name
1 > Accept-Encoding: gzip,deflate
1 > Connection: Keep-Alive
1 > Host: localhost:3030
1 > User-Agent: Apache-HttpClient/4.5.5 (Java/1.8.0_221)

22:48:54.353 [ForkJoinPool-1-worker-5] DEBUG com.intuit.karate - request:
1 > GET http://localhost:3030/categories?%24select%5B%5D=name
1 > Accept-Encoding: gzip,deflate
1 > Connection: Keep-Alive
1 > Host: localhost:3030
1 > User-Agent: Apache-HttpClient/4.5.5 (Java/1.8.0_221)

22:48:54.738 [ForkJoinPool-1-worker-4] DEBUG com.intuit.karate - response time in milliseconds: 401.89
1 < 500
1 < Access-Control-Allow-Origin: *
1 < Allow: GET,POST,PUT,PATCH,DELETE
1 < Connection: keep-alive
1 < Content-Length: 136
1 < Content-Type: application/json; charset=utf-8
1 < Date: Fri, 08 Nov 2019 17:18:54 GMT
1 < ETag: W/"88-e8uslLG0bI45ttWPqYwsOCTVQHs"
1 < Vary: Accept-Encoding
1 < X-Powered-By: Express
{"name":"GeneralError","message":"Cannot read property 'map' of undefined","code":500,"className":"general-error","data":{},"errors":{}}

22:48:54.748 [ForkJoinPool-1-worker-4] INFO  com.intuit.karate - [print] {
  "name": "GeneralError",
  "message": "Cannot read property 'map' of undefined",
  "code": 500,
  "className": "general-error",
  "data": {
  },
  "errors": {
  }
}

22:48:54.766 [ForkJoinPool-1-worker-4] INFO  com.intuit.karate - karate.env system property was: null 
22:48:54.775 [ForkJoinPool-1-worker-4] DEBUG com.intuit.karate - request:
1 > GET http://localhost:3030/categories?name%5B%24like%5D=*Mobile*
1 > Accept-Encoding: gzip,deflate
1 > Connection: Keep-Alive
1 > Host: localhost:3030
1 > User-Agent: Apache-HttpClient/4.5.5 (Java/1.8.0_221)

22:48:54.784 [ForkJoinPool-1-worker-5] DEBUG com.intuit.karate - response time in milliseconds: 426.48
1 < 500
1 < Access-Control-Allow-Origin: *
1 < Allow: GET,POST,PUT,PATCH,DELETE
1 < Connection: keep-alive
1 < Content-Length: 136
1 < Content-Type: application/json; charset=utf-8
1 < Date: Fri, 08 Nov 2019 17:18:54 GMT
1 < ETag: W/"88-e8uslLG0bI45ttWPqYwsOCTVQHs"
1 < Vary: Accept-Encoding
1 < X-Powered-By: Express
{"name":"GeneralError","message":"Cannot read property 'map' of undefined","code":500,"className":"general-error","data":{},"errors":{}}

22:48:54.786 [ForkJoinPool-1-worker-5] INFO  com.intuit.karate - [print] {
  "name": "GeneralError",
  "message": "Cannot read property 'map' of undefined",
  "code": 500,
  "className": "general-error",
  "data": {
  },
  "errors": {
  }
}

22:48:54.808 [ForkJoinPool-1-worker-5] INFO  com.intuit.karate - karate.env system property was: null 
22:48:54.816 [ForkJoinPool-1-worker-5] DEBUG com.intuit.karate - request:
1 > GET http://localhost:3030/categories?name%5B%24like%5D=*Mobile*
1 > Accept-Encoding: gzip,deflate
1 > Connection: Keep-Alive
1 > Host: localhost:3030
1 > User-Agent: Apache-HttpClient/4.5.5 (Java/1.8.0_221)

22:48:54.935 [ForkJoinPool-1-worker-3] DEBUG com.intuit.karate - response time in milliseconds: 493.10
1 < 200
1 < Access-Control-Allow-Origin: *
1 < Allow: GET,POST,PUT,PATCH,DELETE
1 < Connection: keep-alive
1 < Content-Type: application/json; charset=utf-8
1 < Date: Fri, 08 Nov 2019 17:18:54 GMT
1 < ETag: W/"1577-1ka8gZT/TT4ykD3mHTskILPg8Ls"
1 < Transfer-Encoding: chunked
1 < Vary: Accept, Accept-Encoding
1 < X-Powered-By: Express
{"total":55,"limit":10,"skip":0,"data":[{"id":"pcmcat282400050018","name":"Geek Squad Protection Plans for Mobile Phones","createdAt":"2016-11-17T17:57:04.285Z","updatedAt":"2016-11-17T17:57:04.285Z","subCategories":[],"categoryPath":[{"id":"pcmcat138100050018","name":"Geek Squad","createdAt":"2016-11-17T17:57:04.643Z","updatedAt":"2016-11-17T17:57:04.643Z"},{"id":"pcmcat282400050018","name":"Geek Squad Protection Plans for Mobile Phones","createdAt":"2016-11-17T17:57:04.285Z","updatedAt":"2016-11-17T17:57:04.285Z"},{"id":"pcmcat748300499229","name":"Promo E GS & AppleCare Pages","createdAt":"2016-11-17T17:57:04.899Z","updatedAt":"2016-11-17T17:57:04.899Z"}]},{"id":"pcmcat298000050005","name":"Mdot Mobile SAS","createdAt":"2016-11-17T17:57:04.285Z","updatedAt":"2016-11-17T17:57:04.285Z","subCategories":[],"categoryPath":[{"id":"pcmcat144600050035","name":"More Categories","createdAt":"2016-11-17T17:57:04.899Z","updatedAt":"2016-11-17T17:57:04.899Z"},{"id":"pcmcat221300050003","name":"Mdot Promotions","createdAt":"2016-11-17T17:57:05.399Z","updatedAt":"2016-11-17T17:57:05.399Z"},{"id":"pcmcat298000050005","name":"Mdot Mobile SAS","createdAt":"2016-11-17T17:57:04.285Z","updatedAt":"2016-11-17T17:57:04.285Z"}]},{"id":"pcmcat298200050001","name":"Mdot Mobile Phone Trade-In","createdAt":"2016-11-17T17:57:04.285Z","updatedAt":"2016-11-17T17:57:04.285Z","subCategories":[],"categoryPath":[{"id":"pcmcat144600050035","name":"More Categories","createdAt":"2016-11-17T17:57:04.899Z","updatedAt":"2016-11-17T17:57:04.899Z"},{"id":"pcmcat221300050003","name":"Mdot Promotions","createdAt":"2016-11-17T17:57:05.399Z","updatedAt":"2016-11-17T17:57:05.399Z"},{"id":"pcmcat298200050001","name":"Mdot Mobile Phone Trade-In","createdAt":"2016-11-17T17:57:04.285Z","updatedAt":"2016-11-17T17:57:04.285Z"}]},{"id":"pcmcat307000050001","name":"Mobile Payment Devices","createdAt":"2016-11-17T17:57:04.285Z","updatedAt":"2016-11-17T17:57:04.285Z","subCategories":[],"categoryPath":[{"id":"abcat0805000","name":"Office Electronics","createdAt":"2016-11-17T17:57:04.285Z","updatedAt":"2016-11-17T17:57:04.285Z"},{"id":"pcmcat307000050001","name":"Mobile Payment Devices","createdAt":"2016-11-17T17:57:04.285Z","updatedAt":"2016-11-17T17:57:04.285Z"},{"id":"pcmcat312300050015","name":"Connected Home & Housewares","createdAt":"2016-11-17T17:57:04.285Z","updatedAt":"2016-11-17T17:57:04.285Z"}]},{"id":"pcmcat310700050040","name":"Plantronics Mobile Headsets","createdAt":"2016-11-17T17:57:04.285Z","updatedAt":"2016-11-17T17:57:04.285Z","subCategories":[],"categoryPath":[{"id":"pcmcat128500050004","name":"Name Brands","createdAt":"2016-11-17T17:57:04.643Z","updatedAt":"2016-11-17T17:57:04.643Z"},{"id":"pcmcat309000050000","name":"Plantronics Headsets","createdAt":"2016-11-17T17:57:04.285Z","updatedAt":"2016-11-17T17:57:04.285Z"},{"id":"pcmcat310700050040","name":"Plantronics Mobile Headsets","createdAt":"2016-11-17T17:57:04.285Z","updatedAt":"2016-11-17T17:57:04.285Z"}]},{"id":"pcmcat313900050003","name":"Mobile Phone Accessories","createdAt":"2016-11-17T17:57:04.285Z","updatedAt":"2016-11-17T17:57:04.285Z","subCategories":[],"categoryPath":[{"id":"pcmcat128500050004","name":"Name Brands","createdAt":"2016-11-17T17:57:04.643Z","updatedAt":"2016-11-17T17:57:04.643Z"},{"id":"pcmcat155800050048","name":"Monster","createdAt":"2016-11-17T17:57:04.899Z","updatedAt":"2016-11-17T17:57:04.899Z"},{"id":"pcmcat313900050003","name":"Mobile Phone Accessories","createdAt":"2016-11-17T17:57:04.285Z","updatedAt":"2016-11-17T17:57:04.285Z"}]},{"id":"pcmcat339400050005","name":"T-Mobile Prepaid Minutes","createdAt":"2016-11-17T17:57:04.643Z","updatedAt":"2016-11-17T17:57:04.643Z","subCategories":[],"categoryPath":[{"id":"abcat0800000","name":"Cell Phones","createdAt":"2016-11-17T17:57:04.285Z","updatedAt":"2016-11-17T17:57:04.285Z"},{"id":"pcmcat208100050004","name":"T-Mobile","createdAt":"2016-11-17T17:57:05.399Z","updatedAt":"2016-11-17T17:57:05.399Z"},{"id":"pcmcat339400050005","name":"T-Mobile Prepaid Minutes","createdAt":"2016-11-17T17:57:04.643Z","updatedAt":"2016-11-17T17:57:04.643Z"}]},{"id":"pcmcat339400050006","name":"T-Mobile SIM Cards","createdAt":"2016-11-17T17:57:04.643Z","updatedAt":"2016-11-17T17:57:04.643Z","subCategories":[],"categoryPath":[{"id":"abcat0800000","name":"Cell Phones","createdAt":"2016-11-17T17:57:04.285Z","updatedAt":"2016-11-17T17:57:04.285Z"},{"id":"pcmcat208100050004","name":"T-Mobile","createdAt":"2016-11-17T17:57:05.399Z","updatedAt":"2016-11-17T17:57:05.399Z"},{"id":"pcmcat339400050006","name":"T-Mobile SIM Cards","createdAt":"2016-11-17T17:57:04.643Z","updatedAt":"2016-11-17T17:57:04.643Z"}]},{"id":"pcmcat383800050000","name":"Boost Mobile","createdAt":"2016-11-17T17:57:04.643Z","updatedAt":"2016-11-17T17:57:04.643Z","subCategories":[],"categoryPath":[{"id":"pcmcat128500050004","name":"Name Brands","createdAt":"2016-11-17T17:57:04.643Z","updatedAt":"2016-11-17T17:57:04.643Z"},{"id":"pcmcat383800050000","name":"Boost Mobile","createdAt":"2016-11-17T17:57:04.643Z","updatedAt":"2016-11-17T17:57:04.643Z"}]},{"id":"pcmcat383800050001","name":"Virgin Mobile","createdAt":"2016-11-17T17:57:04.643Z","updatedAt":"2016-11-17T17:57:04.643Z","subCategories":[],"categoryPath":[{"id":"pcmcat128500050004","name":"Name Brands","createdAt":"2016-11-17T17:57:04.643Z","updatedAt":"2016-11-17T17:57:04.643Z"},{"id":"pcmcat383800050001","name":"Virgin Mobile","createdAt":"2016-11-17T17:57:04.643Z","updatedAt":"2016-11-17T17:57:04.643Z"}]}]}

22:48:54.947 [ForkJoinPool-1-worker-3] INFO  com.intuit.karate - [print] {
  "total": 55,
  "limit": 10,
  "skip": 0,
  "data": [
    {
      "id": "pcmcat282400050018",
      "name": "Geek Squad Protection Plans for Mobile Phones",
      "createdAt": "2016-11-17T17:57:04.285Z",
      "updatedAt": "2016-11-17T17:57:04.285Z",
      "subCategories": [
      ],
      "categoryPath": [
        {
          "id": "pcmcat138100050018",
          "name": "Geek Squad",
          "createdAt": "2016-11-17T17:57:04.643Z",
          "updatedAt": "2016-11-17T17:57:04.643Z"
        },
        {
          "id": "pcmcat282400050018",
          "name": "Geek Squad Protection Plans for Mobile Phones",
          "createdAt": "2016-11-17T17:57:04.285Z",
          "updatedAt": "2016-11-17T17:57:04.285Z"
        },
        {
          "id": "pcmcat748300499229",
          "name": "Promo E GS & AppleCare Pages",
          "createdAt": "2016-11-17T17:57:04.899Z",
          "updatedAt": "2016-11-17T17:57:04.899Z"
        }
      ]
    },
    {
      "id": "pcmcat298000050005",
      "name": "Mdot Mobile SAS",
      "createdAt": "2016-11-17T17:57:04.285Z",
      "updatedAt": "2016-11-17T17:57:04.285Z",
      "subCategories": [
      ],
      "categoryPath": [
        {
          "id": "pcmcat144600050035",
          "name": "More Categories",
          "createdAt": "2016-11-17T17:57:04.899Z",
          "updatedAt": "2016-11-17T17:57:04.899Z"
        },
        {
          "id": "pcmcat221300050003",
          "name": "Mdot Promotions",
          "createdAt": "2016-11-17T17:57:05.399Z",
          "updatedAt": "2016-11-17T17:57:05.399Z"
        },
        {
          "id": "pcmcat298000050005",
          "name": "Mdot Mobile SAS",
          "createdAt": "2016-11-17T17:57:04.285Z",
          "updatedAt": "2016-11-17T17:57:04.285Z"
        }
      ]
    },
    {
      "id": "pcmcat298200050001",
      "name": "Mdot Mobile Phone Trade-In",
      "createdAt": "2016-11-17T17:57:04.285Z",
      "updatedAt": "2016-11-17T17:57:04.285Z",
      "subCategories": [
      ],
      "categoryPath": [
        {
          "id": "pcmcat144600050035",
          "name": "More Categories",
          "createdAt": "2016-11-17T17:57:04.899Z",
          "updatedAt": "2016-11-17T17:57:04.899Z"
        },
        {
          "id": "pcmcat221300050003",
          "name": "Mdot Promotions",
          "createdAt": "2016-11-17T17:57:05.399Z",
          "updatedAt": "2016-11-17T17:57:05.399Z"
        },
        {
          "id": "pcmcat298200050001",
          "name": "Mdot Mobile Phone Trade-In",
          "createdAt": "2016-11-17T17:57:04.285Z",
          "updatedAt": "2016-11-17T17:57:04.285Z"
        }
      ]
    },
    {
      "id": "pcmcat307000050001",
      "name": "Mobile Payment Devices",
      "createdAt": "2016-11-17T17:57:04.285Z",
      "updatedAt": "2016-11-17T17:57:04.285Z",
      "subCategories": [
      ],
      "categoryPath": [
        {
          "id": "abcat0805000",
          "name": "Office Electronics",
          "createdAt": "2016-11-17T17:57:04.285Z",
          "updatedAt": "2016-11-17T17:57:04.285Z"
        },
        {
          "id": "pcmcat307000050001",
          "name": "Mobile Payment Devices",
          "createdAt": "2016-11-17T17:57:04.285Z",
          "updatedAt": "2016-11-17T17:57:04.285Z"
        },
        {
          "id": "pcmcat312300050015",
          "name": "Connected Home & Housewares",
          "createdAt": "2016-11-17T17:57:04.285Z",
          "updatedAt": "2016-11-17T17:57:04.285Z"
        }
      ]
    },
    {
      "id": "pcmcat310700050040",
      "name": "Plantronics Mobile Headsets",
      "createdAt": "2016-11-17T17:57:04.285Z",
      "updatedAt": "2016-11-17T17:57:04.285Z",
      "subCategories": [
      ],
      "categoryPath": [
        {
          "id": "pcmcat128500050004",
          "name": "Name Brands",
          "createdAt": "2016-11-17T17:57:04.643Z",
          "updatedAt": "2016-11-17T17:57:04.643Z"
        },
        {
          "id": "pcmcat309000050000",
          "name": "Plantronics Headsets",
          "createdAt": "2016-11-17T17:57:04.285Z",
          "updatedAt": "2016-11-17T17:57:04.285Z"
        },
        {
          "id": "pcmcat310700050040",
          "name": "Plantronics Mobile Headsets",
          "createdAt": "2016-11-17T17:57:04.285Z",
          "updatedAt": "2016-11-17T17:57:04.285Z"
        }
      ]
    },
    {
      "id": "pcmcat313900050003",
      "name": "Mobile Phone Accessories",
      "createdAt": "2016-11-17T17:57:04.285Z",
      "updatedAt": "2016-11-17T17:57:04.285Z",
      "subCategories": [
      ],
      "categoryPath": [
        {
          "id": "pcmcat128500050004",
          "name": "Name Brands",
          "createdAt": "2016-11-17T17:57:04.643Z",
          "updatedAt": "2016-11-17T17:57:04.643Z"
        },
        {
          "id": "pcmcat155800050048",
          "name": "Monster",
          "createdAt": "2016-11-17T17:57:04.899Z",
          "updatedAt": "2016-11-17T17:57:04.899Z"
        },
        {
          "id": "pcmcat313900050003",
          "name": "Mobile Phone Accessories",
          "createdAt": "2016-11-17T17:57:04.285Z",
          "updatedAt": "2016-11-17T17:57:04.285Z"
        }
      ]
    },
    {
      "id": "pcmcat339400050005",
      "name": "T-Mobile Prepaid Minutes",
      "createdAt": "2016-11-17T17:57:04.643Z",
      "updatedAt": "2016-11-17T17:57:04.643Z",
      "subCategories": [
      ],
      "categoryPath": [
        {
          "id": "abcat0800000",
          "name": "Cell Phones",
          "createdAt": "2016-11-17T17:57:04.285Z",
          "updatedAt": "2016-11-17T17:57:04.285Z"
        },
        {
          "id": "pcmcat208100050004",
          "name": "T-Mobile",
          "createdAt": "2016-11-17T17:57:05.399Z",
          "updatedAt": "2016-11-17T17:57:05.399Z"
        },
        {
          "id": "pcmcat339400050005",
          "name": "T-Mobile Prepaid Minutes",
          "createdAt": "2016-11-17T17:57:04.643Z",
          "updatedAt": "2016-11-17T17:57:04.643Z"
        }
      ]
    },
    {
      "id": "pcmcat339400050006",
      "name": "T-Mobile SIM Cards",
      "createdAt": "2016-11-17T17:57:04.643Z",
      "updatedAt": "2016-11-17T17:57:04.643Z",
      "subCategories": [
      ],
      "categoryPath": [
        {
          "id": "abcat0800000",
          "name": "Cell Phones",
          "createdAt": "2016-11-17T17:57:04.285Z",
          "updatedAt": "2016-11-17T17:57:04.285Z"
        },
        {
          "id": "pcmcat208100050004",
          "name": "T-Mobile",
          "createdAt": "2016-11-17T17:57:05.399Z",
          "updatedAt": "2016-11-17T17:57:05.399Z"
        },
        {
          "id": "pcmcat339400050006",
          "name": "T-Mobile SIM Cards",
          "createdAt": "2016-11-17T17:57:04.643Z",
          "updatedAt": "2016-11-17T17:57:04.643Z"
        }
      ]
    },
    {
      "id": "pcmcat383800050000",
      "name": "Boost Mobile",
      "createdAt": "2016-11-17T17:57:04.643Z",
      "updatedAt": "2016-11-17T17:57:04.643Z",
      "subCategories": [
      ],
      "categoryPath": [
        {
          "id": "pcmcat128500050004",
          "name": "Name Brands",
          "createdAt": "2016-11-17T17:57:04.643Z",
          "updatedAt": "2016-11-17T17:57:04.643Z"
        },
        {
          "id": "pcmcat383800050000",
          "name": "Boost Mobile",
          "createdAt": "2016-11-17T17:57:04.643Z",
          "updatedAt": "2016-11-17T17:57:04.643Z"
        }
      ]
    },
    {
      "id": "pcmcat383800050001",
      "name": "Virgin Mobile",
      "createdAt": "2016-11-17T17:57:04.643Z",
      "updatedAt": "2016-11-17T17:57:04.643Z",
      "subCategories": [
      ],
      "categoryPath": [
        {
          "id": "pcmcat128500050004",
          "name": "Name Brands",
          "createdAt": "2016-11-17T17:57:04.643Z",
          "updatedAt": "2016-11-17T17:57:04.643Z"
        },
        {
          "id": "pcmcat383800050001",
          "name": "Virgin Mobile",
          "createdAt": "2016-11-17T17:57:04.643Z",
          "updatedAt": "2016-11-17T17:57:04.643Z"
        }
      ]
    }
  ]
}

22:48:54.969 [ForkJoinPool-1-worker-3] INFO  com.intuit.karate - karate.env system property was: null 
22:48:54.977 [ForkJoinPool-1-worker-3] DEBUG com.intuit.karate - request:
1 > GET http://localhost:3030/categories?%24select%5B%5D=name
1 > Accept-Encoding: gzip,deflate
1 > Connection: Keep-Alive
1 > Host: localhost:3030
1 > User-Agent: Apache-HttpClient/4.5.5 (Java/1.8.0_221)

22:48:54.983 [ForkJoinPool-1-worker-2] DEBUG com.intuit.karate - response time in milliseconds: 625.06
1 < 200
1 < Access-Control-Allow-Origin: *
1 < Allow: GET,POST,PUT,PATCH,DELETE
1 < Connection: keep-alive
1 < Content-Type: application/json; charset=utf-8
1 < Date: Fri, 08 Nov 2019 17:18:54 GMT
1 < ETag: W/"498-GpO+gKQiRbESBYyTAWYZBnny7JI"
1 < Transfer-Encoding: chunked
1 < Vary: Accept, Accept-Encoding
1 < X-Powered-By: Express
{"total":51957,"limit":10,"skip":0,"data":[{"description":"Compatible with select electronic devices; AAA size; DURALOCK Power Preserve technology; 4-pack"},{"description":"Long-lasting energy; DURALOCK Power Preserve technology; for toys, clocks, radios, games, remotes, PDAs and more"},{"description":"Compatible with select electronic devices; AA size; DURALOCK Power Preserve technology; 8-pack"},{"description":"4-pack AA alkaline batteries; battery tester included"},{"description":"Compatible with select electronic devices; C size; DURALOCK Power Preserve technology; 4-pack"},{"description":"Compatible with select electronic devices; D size; DURALOCK Power Preserve technology; 4-pack"},{"description":"80W maximum power (20W RMS); 4\" IMPP composite cone woofer; 3/4\" horn tweeter"},{"description":"Compatible with select electronic devices; alkaline chemistry; 9V size; DURALOCK Power Preserve technology; 2-pack"},{"description":"Alkaline batteries; 1.5V"},{"description":"From our expanded online assortment; compatible with most 1989-2000 Ford, Lincoln and Mercury vehicles; snap-in TurboKit offers fast installation; spacer/trim ring; rear support bracket"}]}

22:48:54.996 [ForkJoinPool-1-worker-2] INFO  com.intuit.karate - karate.env system property was: null 
22:48:55.027 [ForkJoinPool-1-worker-2] DEBUG com.intuit.karate - request:
1 > GET http://localhost:3030/products?category.name=TVs&price%5B%24gt%5D=500&price%5B%24lt%5D=800&shipping%5B%24eq%5D=0
1 > Accept-Encoding: gzip,deflate
1 > Connection: Keep-Alive
1 > Host: localhost:3030
1 > User-Agent: Apache-HttpClient/4.5.5 (Java/1.8.0_221)

22:48:55.035 [ForkJoinPool-1-worker-1] DEBUG com.intuit.karate - response time in milliseconds: 678.96
1 < 200
1 < Access-Control-Allow-Origin: *
1 < Allow: GET,POST,PUT,PATCH,DELETE
1 < Connection: keep-alive
1 < Content-Type: application/json; charset=utf-8
1 < Date: Fri, 08 Nov 2019 17:18:54 GMT
1 < ETag: W/"1577-1ka8gZT/TT4ykD3mHTskILPg8Ls"
1 < Transfer-Encoding: chunked
1 < Vary: Accept, Accept-Encoding
1 < X-Powered-By: Express
{"total":55,"limit":10,"skip":0,"data":[{"id":"pcmcat282400050018","name":"Geek Squad Protection Plans for Mobile Phones","createdAt":"2016-11-17T17:57:04.285Z","updatedAt":"2016-11-17T17:57:04.285Z","subCategories":[],"categoryPath":[{"id":"pcmcat138100050018","name":"Geek Squad","createdAt":"2016-11-17T17:57:04.643Z","updatedAt":"2016-11-17T17:57:04.643Z"},{"id":"pcmcat282400050018","name":"Geek Squad Protection Plans for Mobile Phones","createdAt":"2016-11-17T17:57:04.285Z","updatedAt":"2016-11-17T17:57:04.285Z"},{"id":"pcmcat748300499229","name":"Promo E GS & AppleCare Pages","createdAt":"2016-11-17T17:57:04.899Z","updatedAt":"2016-11-17T17:57:04.899Z"}]},{"id":"pcmcat298000050005","name":"Mdot Mobile SAS","createdAt":"2016-11-17T17:57:04.285Z","updatedAt":"2016-11-17T17:57:04.285Z","subCategories":[],"categoryPath":[{"id":"pcmcat144600050035","name":"More Categories","createdAt":"2016-11-17T17:57:04.899Z","updatedAt":"2016-11-17T17:57:04.899Z"},{"id":"pcmcat221300050003","name":"Mdot Promotions","createdAt":"2016-11-17T17:57:05.399Z","updatedAt":"2016-11-17T17:57:05.399Z"},{"id":"pcmcat298000050005","name":"Mdot Mobile SAS","createdAt":"2016-11-17T17:57:04.285Z","updatedAt":"2016-11-17T17:57:04.285Z"}]},{"id":"pcmcat298200050001","name":"Mdot Mobile Phone Trade-In","createdAt":"2016-11-17T17:57:04.285Z","updatedAt":"2016-11-17T17:57:04.285Z","subCategories":[],"categoryPath":[{"id":"pcmcat144600050035","name":"More Categories","createdAt":"2016-11-17T17:57:04.899Z","updatedAt":"2016-11-17T17:57:04.899Z"},{"id":"pcmcat221300050003","name":"Mdot Promotions","createdAt":"2016-11-17T17:57:05.399Z","updatedAt":"2016-11-17T17:57:05.399Z"},{"id":"pcmcat298200050001","name":"Mdot Mobile Phone Trade-In","createdAt":"2016-11-17T17:57:04.285Z","updatedAt":"2016-11-17T17:57:04.285Z"}]},{"id":"pcmcat307000050001","name":"Mobile Payment Devices","createdAt":"2016-11-17T17:57:04.285Z","updatedAt":"2016-11-17T17:57:04.285Z","subCategories":[],"categoryPath":[{"id":"abcat0805000","name":"Office Electronics","createdAt":"2016-11-17T17:57:04.285Z","updatedAt":"2016-11-17T17:57:04.285Z"},{"id":"pcmcat307000050001","name":"Mobile Payment Devices","createdAt":"2016-11-17T17:57:04.285Z","updatedAt":"2016-11-17T17:57:04.285Z"},{"id":"pcmcat312300050015","name":"Connected Home & Housewares","createdAt":"2016-11-17T17:57:04.285Z","updatedAt":"2016-11-17T17:57:04.285Z"}]},{"id":"pcmcat310700050040","name":"Plantronics Mobile Headsets","createdAt":"2016-11-17T17:57:04.285Z","updatedAt":"2016-11-17T17:57:04.285Z","subCategories":[],"categoryPath":[{"id":"pcmcat128500050004","name":"Name Brands","createdAt":"2016-11-17T17:57:04.643Z","updatedAt":"2016-11-17T17:57:04.643Z"},{"id":"pcmcat309000050000","name":"Plantronics Headsets","createdAt":"2016-11-17T17:57:04.285Z","updatedAt":"2016-11-17T17:57:04.285Z"},{"id":"pcmcat310700050040","name":"Plantronics Mobile Headsets","createdAt":"2016-11-17T17:57:04.285Z","updatedAt":"2016-11-17T17:57:04.285Z"}]},{"id":"pcmcat313900050003","name":"Mobile Phone Accessories","createdAt":"2016-11-17T17:57:04.285Z","updatedAt":"2016-11-17T17:57:04.285Z","subCategories":[],"categoryPath":[{"id":"pcmcat128500050004","name":"Name Brands","createdAt":"2016-11-17T17:57:04.643Z","updatedAt":"2016-11-17T17:57:04.643Z"},{"id":"pcmcat155800050048","name":"Monster","createdAt":"2016-11-17T17:57:04.899Z","updatedAt":"2016-11-17T17:57:04.899Z"},{"id":"pcmcat313900050003","name":"Mobile Phone Accessories","createdAt":"2016-11-17T17:57:04.285Z","updatedAt":"2016-11-17T17:57:04.285Z"}]},{"id":"pcmcat339400050005","name":"T-Mobile Prepaid Minutes","createdAt":"2016-11-17T17:57:04.643Z","updatedAt":"2016-11-17T17:57:04.643Z","subCategories":[],"categoryPath":[{"id":"abcat0800000","name":"Cell Phones","createdAt":"2016-11-17T17:57:04.285Z","updatedAt":"2016-11-17T17:57:04.285Z"},{"id":"pcmcat208100050004","name":"T-Mobile","createdAt":"2016-11-17T17:57:05.399Z","updatedAt":"2016-11-17T17:57:05.399Z"},{"id":"pcmcat339400050005","name":"T-Mobile Prepaid Minutes","createdAt":"2016-11-17T17:57:04.643Z","updatedAt":"2016-11-17T17:57:04.643Z"}]},{"id":"pcmcat339400050006","name":"T-Mobile SIM Cards","createdAt":"2016-11-17T17:57:04.643Z","updatedAt":"2016-11-17T17:57:04.643Z","subCategories":[],"categoryPath":[{"id":"abcat0800000","name":"Cell Phones","createdAt":"2016-11-17T17:57:04.285Z","updatedAt":"2016-11-17T17:57:04.285Z"},{"id":"pcmcat208100050004","name":"T-Mobile","createdAt":"2016-11-17T17:57:05.399Z","updatedAt":"2016-11-17T17:57:05.399Z"},{"id":"pcmcat339400050006","name":"T-Mobile SIM Cards","createdAt":"2016-11-17T17:57:04.643Z","updatedAt":"2016-11-17T17:57:04.643Z"}]},{"id":"pcmcat383800050000","name":"Boost Mobile","createdAt":"2016-11-17T17:57:04.643Z","updatedAt":"2016-11-17T17:57:04.643Z","subCategories":[],"categoryPath":[{"id":"pcmcat128500050004","name":"Name Brands","createdAt":"2016-11-17T17:57:04.643Z","updatedAt":"2016-11-17T17:57:04.643Z"},{"id":"pcmcat383800050000","name":"Boost Mobile","createdAt":"2016-11-17T17:57:04.643Z","updatedAt":"2016-11-17T17:57:04.643Z"}]},{"id":"pcmcat383800050001","name":"Virgin Mobile","createdAt":"2016-11-17T17:57:04.643Z","updatedAt":"2016-11-17T17:57:04.643Z","subCategories":[],"categoryPath":[{"id":"pcmcat128500050004","name":"Name Brands","createdAt":"2016-11-17T17:57:04.643Z","updatedAt":"2016-11-17T17:57:04.643Z"},{"id":"pcmcat383800050001","name":"Virgin Mobile","createdAt":"2016-11-17T17:57:04.643Z","updatedAt":"2016-11-17T17:57:04.643Z"}]}]}

22:48:55.040 [ForkJoinPool-1-worker-1] INFO  com.intuit.karate - [print] {
  "total": 55,
  "limit": 10,
  "skip": 0,
  "data": [
    {
      "id": "pcmcat282400050018",
      "name": "Geek Squad Protection Plans for Mobile Phones",
      "createdAt": "2016-11-17T17:57:04.285Z",
      "updatedAt": "2016-11-17T17:57:04.285Z",
      "subCategories": [
      ],
      "categoryPath": [
        {
          "id": "pcmcat138100050018",
          "name": "Geek Squad",
          "createdAt": "2016-11-17T17:57:04.643Z",
          "updatedAt": "2016-11-17T17:57:04.643Z"
        },
        {
          "id": "pcmcat282400050018",
          "name": "Geek Squad Protection Plans for Mobile Phones",
          "createdAt": "2016-11-17T17:57:04.285Z",
          "updatedAt": "2016-11-17T17:57:04.285Z"
        },
        {
          "id": "pcmcat748300499229",
          "name": "Promo E GS & AppleCare Pages",
          "createdAt": "2016-11-17T17:57:04.899Z",
          "updatedAt": "2016-11-17T17:57:04.899Z"
        }
      ]
    },
    {
      "id": "pcmcat298000050005",
      "name": "Mdot Mobile SAS",
      "createdAt": "2016-11-17T17:57:04.285Z",
      "updatedAt": "2016-11-17T17:57:04.285Z",
      "subCategories": [
      ],
      "categoryPath": [
        {
          "id": "pcmcat144600050035",
          "name": "More Categories",
          "createdAt": "2016-11-17T17:57:04.899Z",
          "updatedAt": "2016-11-17T17:57:04.899Z"
        },
        {
          "id": "pcmcat221300050003",
          "name": "Mdot Promotions",
          "createdAt": "2016-11-17T17:57:05.399Z",
          "updatedAt": "2016-11-17T17:57:05.399Z"
        },
        {
          "id": "pcmcat298000050005",
          "name": "Mdot Mobile SAS",
          "createdAt": "2016-11-17T17:57:04.285Z",
          "updatedAt": "2016-11-17T17:57:04.285Z"
        }
      ]
    },
    {
      "id": "pcmcat298200050001",
      "name": "Mdot Mobile Phone Trade-In",
      "createdAt": "2016-11-17T17:57:04.285Z",
      "updatedAt": "2016-11-17T17:57:04.285Z",
      "subCategories": [
      ],
      "categoryPath": [
        {
          "id": "pcmcat144600050035",
          "name": "More Categories",
          "createdAt": "2016-11-17T17:57:04.899Z",
          "updatedAt": "2016-11-17T17:57:04.899Z"
        },
        {
          "id": "pcmcat221300050003",
          "name": "Mdot Promotions",
          "createdAt": "2016-11-17T17:57:05.399Z",
          "updatedAt": "2016-11-17T17:57:05.399Z"
        },
        {
          "id": "pcmcat298200050001",
          "name": "Mdot Mobile Phone Trade-In",
          "createdAt": "2016-11-17T17:57:04.285Z",
          "updatedAt": "2016-11-17T17:57:04.285Z"
        }
      ]
    },
    {
      "id": "pcmcat307000050001",
      "name": "Mobile Payment Devices",
      "createdAt": "2016-11-17T17:57:04.285Z",
      "updatedAt": "2016-11-17T17:57:04.285Z",
      "subCategories": [
      ],
      "categoryPath": [
        {
          "id": "abcat0805000",
          "name": "Office Electronics",
          "createdAt": "2016-11-17T17:57:04.285Z",
          "updatedAt": "2016-11-17T17:57:04.285Z"
        },
        {
          "id": "pcmcat307000050001",
          "name": "Mobile Payment Devices",
          "createdAt": "2016-11-17T17:57:04.285Z",
          "updatedAt": "2016-11-17T17:57:04.285Z"
        },
        {
          "id": "pcmcat312300050015",
          "name": "Connected Home & Housewares",
          "createdAt": "2016-11-17T17:57:04.285Z",
          "updatedAt": "2016-11-17T17:57:04.285Z"
        }
      ]
    },
    {
      "id": "pcmcat310700050040",
      "name": "Plantronics Mobile Headsets",
      "createdAt": "2016-11-17T17:57:04.285Z",
      "updatedAt": "2016-11-17T17:57:04.285Z",
      "subCategories": [
      ],
      "categoryPath": [
        {
          "id": "pcmcat128500050004",
          "name": "Name Brands",
          "createdAt": "2016-11-17T17:57:04.643Z",
          "updatedAt": "2016-11-17T17:57:04.643Z"
        },
        {
          "id": "pcmcat309000050000",
          "name": "Plantronics Headsets",
          "createdAt": "2016-11-17T17:57:04.285Z",
          "updatedAt": "2016-11-17T17:57:04.285Z"
        },
        {
          "id": "pcmcat310700050040",
          "name": "Plantronics Mobile Headsets",
          "createdAt": "2016-11-17T17:57:04.285Z",
          "updatedAt": "2016-11-17T17:57:04.285Z"
        }
      ]
    },
    {
      "id": "pcmcat313900050003",
      "name": "Mobile Phone Accessories",
      "createdAt": "2016-11-17T17:57:04.285Z",
      "updatedAt": "2016-11-17T17:57:04.285Z",
      "subCategories": [
      ],
      "categoryPath": [
        {
          "id": "pcmcat128500050004",
          "name": "Name Brands",
          "createdAt": "2016-11-17T17:57:04.643Z",
          "updatedAt": "2016-11-17T17:57:04.643Z"
        },
        {
          "id": "pcmcat155800050048",
          "name": "Monster",
          "createdAt": "2016-11-17T17:57:04.899Z",
          "updatedAt": "2016-11-17T17:57:04.899Z"
        },
        {
          "id": "pcmcat313900050003",
          "name": "Mobile Phone Accessories",
          "createdAt": "2016-11-17T17:57:04.285Z",
          "updatedAt": "2016-11-17T17:57:04.285Z"
        }
      ]
    },
    {
      "id": "pcmcat339400050005",
      "name": "T-Mobile Prepaid Minutes",
      "createdAt": "2016-11-17T17:57:04.643Z",
      "updatedAt": "2016-11-17T17:57:04.643Z",
      "subCategories": [
      ],
      "categoryPath": [
        {
          "id": "abcat0800000",
          "name": "Cell Phones",
          "createdAt": "2016-11-17T17:57:04.285Z",
          "updatedAt": "2016-11-17T17:57:04.285Z"
        },
        {
          "id": "pcmcat208100050004",
          "name": "T-Mobile",
          "createdAt": "2016-11-17T17:57:05.399Z",
          "updatedAt": "2016-11-17T17:57:05.399Z"
        },
        {
          "id": "pcmcat339400050005",
          "name": "T-Mobile Prepaid Minutes",
          "createdAt": "2016-11-17T17:57:04.643Z",
          "updatedAt": "2016-11-17T17:57:04.643Z"
        }
      ]
    },
    {
      "id": "pcmcat339400050006",
      "name": "T-Mobile SIM Cards",
      "createdAt": "2016-11-17T17:57:04.643Z",
      "updatedAt": "2016-11-17T17:57:04.643Z",
      "subCategories": [
      ],
      "categoryPath": [
        {
          "id": "abcat0800000",
          "name": "Cell Phones",
          "createdAt": "2016-11-17T17:57:04.285Z",
          "updatedAt": "2016-11-17T17:57:04.285Z"
        },
        {
          "id": "pcmcat208100050004",
          "name": "T-Mobile",
          "createdAt": "2016-11-17T17:57:05.399Z",
          "updatedAt": "2016-11-17T17:57:05.399Z"
        },
        {
          "id": "pcmcat339400050006",
          "name": "T-Mobile SIM Cards",
          "createdAt": "2016-11-17T17:57:04.643Z",
          "updatedAt": "2016-11-17T17:57:04.643Z"
        }
      ]
    },
    {
      "id": "pcmcat383800050000",
      "name": "Boost Mobile",
      "createdAt": "2016-11-17T17:57:04.643Z",
      "updatedAt": "2016-11-17T17:57:04.643Z",
      "subCategories": [
      ],
      "categoryPath": [
        {
          "id": "pcmcat128500050004",
          "name": "Name Brands",
          "createdAt": "2016-11-17T17:57:04.643Z",
          "updatedAt": "2016-11-17T17:57:04.643Z"
        },
        {
          "id": "pcmcat383800050000",
          "name": "Boost Mobile",
          "createdAt": "2016-11-17T17:57:04.643Z",
          "updatedAt": "2016-11-17T17:57:04.643Z"
        }
      ]
    },
    {
      "id": "pcmcat383800050001",
      "name": "Virgin Mobile",
      "createdAt": "2016-11-17T17:57:04.643Z",
      "updatedAt": "2016-11-17T17:57:04.643Z",
      "subCategories": [
      ],
      "categoryPath": [
        {
          "id": "pcmcat128500050004",
          "name": "Name Brands",
          "createdAt": "2016-11-17T17:57:04.643Z",
          "updatedAt": "2016-11-17T17:57:04.643Z"
        },
        {
          "id": "pcmcat383800050001",
          "name": "Virgin Mobile",
          "createdAt": "2016-11-17T17:57:04.643Z",
          "updatedAt": "2016-11-17T17:57:04.643Z"
        }
      ]
    }
  ]
}

22:48:55.058 [ForkJoinPool-1-worker-1] INFO  com.intuit.karate - karate.env system property was: null 
22:48:55.064 [ForkJoinPool-1-worker-1] DEBUG com.intuit.karate - request:
1 > GET http://localhost:3030/categories?name%5B%24like%5D=*Mobile*
1 > Accept-Encoding: gzip,deflate
1 > Connection: Keep-Alive
1 > Host: localhost:3030
1 > User-Agent: Apache-HttpClient/4.5.5 (Java/1.8.0_221)

22:48:56.177 [ForkJoinPool-1-worker-3] DEBUG com.intuit.karate - response time in milliseconds: 1199.23
1 < 500
1 < Access-Control-Allow-Origin: *
1 < Allow: GET,POST,PUT,PATCH,DELETE
1 < Connection: keep-alive
1 < Content-Length: 136
1 < Content-Type: application/json; charset=utf-8
1 < Date: Fri, 08 Nov 2019 17:18:56 GMT
1 < ETag: W/"88-e8uslLG0bI45ttWPqYwsOCTVQHs"
1 < Vary: Accept-Encoding
1 < X-Powered-By: Express
{"name":"GeneralError","message":"Cannot read property 'map' of undefined","code":500,"className":"general-error","data":{},"errors":{}}

22:48:56.178 [ForkJoinPool-1-worker-3] INFO  com.intuit.karate - [print] {
  "name": "GeneralError",
  "message": "Cannot read property 'map' of undefined",
  "code": 500,
  "className": "general-error",
  "data": {
  },
  "errors": {
  }
}

22:48:56.192 [ForkJoinPool-1-worker-3] INFO  com.intuit.karate - karate.env system property was: null 
22:48:56.200 [ForkJoinPool-1-worker-3] DEBUG com.intuit.karate - request:
1 > GET http://localhost:3030/categories?name%5B%24like%5D=*Mobile*
1 > Accept-Encoding: gzip,deflate
1 > Connection: Keep-Alive
1 > Host: localhost:3030
1 > User-Agent: Apache-HttpClient/4.5.5 (Java/1.8.0_221)

22:48:56.203 [ForkJoinPool-1-worker-4] DEBUG com.intuit.karate - response time in milliseconds: 1361.37
1 < 200
1 < Access-Control-Allow-Origin: *
1 < Allow: GET,POST,PUT,PATCH,DELETE
1 < Connection: keep-alive
1 < Content-Type: application/json; charset=utf-8
1 < Date: Fri, 08 Nov 2019 17:18:56 GMT
1 < ETag: W/"1577-1ka8gZT/TT4ykD3mHTskILPg8Ls"
1 < Transfer-Encoding: chunked
1 < Vary: Accept, Accept-Encoding
1 < X-Powered-By: Express
{"total":55,"limit":10,"skip":0,"data":[{"id":"pcmcat282400050018","name":"Geek Squad Protection Plans for Mobile Phones","createdAt":"2016-11-17T17:57:04.285Z","updatedAt":"2016-11-17T17:57:04.285Z","subCategories":[],"categoryPath":[{"id":"pcmcat138100050018","name":"Geek Squad","createdAt":"2016-11-17T17:57:04.643Z","updatedAt":"2016-11-17T17:57:04.643Z"},{"id":"pcmcat282400050018","name":"Geek Squad Protection Plans for Mobile Phones","createdAt":"2016-11-17T17:57:04.285Z","updatedAt":"2016-11-17T17:57:04.285Z"},{"id":"pcmcat748300499229","name":"Promo E GS & AppleCare Pages","createdAt":"2016-11-17T17:57:04.899Z","updatedAt":"2016-11-17T17:57:04.899Z"}]},{"id":"pcmcat298000050005","name":"Mdot Mobile SAS","createdAt":"2016-11-17T17:57:04.285Z","updatedAt":"2016-11-17T17:57:04.285Z","subCategories":[],"categoryPath":[{"id":"pcmcat144600050035","name":"More Categories","createdAt":"2016-11-17T17:57:04.899Z","updatedAt":"2016-11-17T17:57:04.899Z"},{"id":"pcmcat221300050003","name":"Mdot Promotions","createdAt":"2016-11-17T17:57:05.399Z","updatedAt":"2016-11-17T17:57:05.399Z"},{"id":"pcmcat298000050005","name":"Mdot Mobile SAS","createdAt":"2016-11-17T17:57:04.285Z","updatedAt":"2016-11-17T17:57:04.285Z"}]},{"id":"pcmcat298200050001","name":"Mdot Mobile Phone Trade-In","createdAt":"2016-11-17T17:57:04.285Z","updatedAt":"2016-11-17T17:57:04.285Z","subCategories":[],"categoryPath":[{"id":"pcmcat144600050035","name":"More Categories","createdAt":"2016-11-17T17:57:04.899Z","updatedAt":"2016-11-17T17:57:04.899Z"},{"id":"pcmcat221300050003","name":"Mdot Promotions","createdAt":"2016-11-17T17:57:05.399Z","updatedAt":"2016-11-17T17:57:05.399Z"},{"id":"pcmcat298200050001","name":"Mdot Mobile Phone Trade-In","createdAt":"2016-11-17T17:57:04.285Z","updatedAt":"2016-11-17T17:57:04.285Z"}]},{"id":"pcmcat307000050001","name":"Mobile Payment Devices","createdAt":"2016-11-17T17:57:04.285Z","updatedAt":"2016-11-17T17:57:04.285Z","subCategories":[],"categoryPath":[{"id":"abcat0805000","name":"Office Electronics","createdAt":"2016-11-17T17:57:04.285Z","updatedAt":"2016-11-17T17:57:04.285Z"},{"id":"pcmcat307000050001","name":"Mobile Payment Devices","createdAt":"2016-11-17T17:57:04.285Z","updatedAt":"2016-11-17T17:57:04.285Z"},{"id":"pcmcat312300050015","name":"Connected Home & Housewares","createdAt":"2016-11-17T17:57:04.285Z","updatedAt":"2016-11-17T17:57:04.285Z"}]},{"id":"pcmcat310700050040","name":"Plantronics Mobile Headsets","createdAt":"2016-11-17T17:57:04.285Z","updatedAt":"2016-11-17T17:57:04.285Z","subCategories":[],"categoryPath":[{"id":"pcmcat128500050004","name":"Name Brands","createdAt":"2016-11-17T17:57:04.643Z","updatedAt":"2016-11-17T17:57:04.643Z"},{"id":"pcmcat309000050000","name":"Plantronics Headsets","createdAt":"2016-11-17T17:57:04.285Z","updatedAt":"2016-11-17T17:57:04.285Z"},{"id":"pcmcat310700050040","name":"Plantronics Mobile Headsets","createdAt":"2016-11-17T17:57:04.285Z","updatedAt":"2016-11-17T17:57:04.285Z"}]},{"id":"pcmcat313900050003","name":"Mobile Phone Accessories","createdAt":"2016-11-17T17:57:04.285Z","updatedAt":"2016-11-17T17:57:04.285Z","subCategories":[],"categoryPath":[{"id":"pcmcat128500050004","name":"Name Brands","createdAt":"2016-11-17T17:57:04.643Z","updatedAt":"2016-11-17T17:57:04.643Z"},{"id":"pcmcat155800050048","name":"Monster","createdAt":"2016-11-17T17:57:04.899Z","updatedAt":"2016-11-17T17:57:04.899Z"},{"id":"pcmcat313900050003","name":"Mobile Phone Accessories","createdAt":"2016-11-17T17:57:04.285Z","updatedAt":"2016-11-17T17:57:04.285Z"}]},{"id":"pcmcat339400050005","name":"T-Mobile Prepaid Minutes","createdAt":"2016-11-17T17:57:04.643Z","updatedAt":"2016-11-17T17:57:04.643Z","subCategories":[],"categoryPath":[{"id":"abcat0800000","name":"Cell Phones","createdAt":"2016-11-17T17:57:04.285Z","updatedAt":"2016-11-17T17:57:04.285Z"},{"id":"pcmcat208100050004","name":"T-Mobile","createdAt":"2016-11-17T17:57:05.399Z","updatedAt":"2016-11-17T17:57:05.399Z"},{"id":"pcmcat339400050005","name":"T-Mobile Prepaid Minutes","createdAt":"2016-11-17T17:57:04.643Z","updatedAt":"2016-11-17T17:57:04.643Z"}]},{"id":"pcmcat339400050006","name":"T-Mobile SIM Cards","createdAt":"2016-11-17T17:57:04.643Z","updatedAt":"2016-11-17T17:57:04.643Z","subCategories":[],"categoryPath":[{"id":"abcat0800000","name":"Cell Phones","createdAt":"2016-11-17T17:57:04.285Z","updatedAt":"2016-11-17T17:57:04.285Z"},{"id":"pcmcat208100050004","name":"T-Mobile","createdAt":"2016-11-17T17:57:05.399Z","updatedAt":"2016-11-17T17:57:05.399Z"},{"id":"pcmcat339400050006","name":"T-Mobile SIM Cards","createdAt":"2016-11-17T17:57:04.643Z","updatedAt":"2016-11-17T17:57:04.643Z"}]},{"id":"pcmcat383800050000","name":"Boost Mobile","createdAt":"2016-11-17T17:57:04.643Z","updatedAt":"2016-11-17T17:57:04.643Z","subCategories":[],"categoryPath":[{"id":"pcmcat128500050004","name":"Name Brands","createdAt":"2016-11-17T17:57:04.643Z","updatedAt":"2016-11-17T17:57:04.643Z"},{"id":"pcmcat383800050000","name":"Boost Mobile","createdAt":"2016-11-17T17:57:04.643Z","updatedAt":"2016-11-17T17:57:04.643Z"}]},{"id":"pcmcat383800050001","name":"Virgin Mobile","createdAt":"2016-11-17T17:57:04.643Z","updatedAt":"2016-11-17T17:57:04.643Z","subCategories":[],"categoryPath":[{"id":"pcmcat128500050004","name":"Name Brands","createdAt":"2016-11-17T17:57:04.643Z","updatedAt":"2016-11-17T17:57:04.643Z"},{"id":"pcmcat383800050001","name":"Virgin Mobile","createdAt":"2016-11-17T17:57:04.643Z","updatedAt":"2016-11-17T17:57:04.643Z"}]}]}

22:48:56.215 [ForkJoinPool-1-worker-4] INFO  com.intuit.karate - [print] {
  "total": 55,
  "limit": 10,
  "skip": 0,
  "data": [
    {
      "id": "pcmcat282400050018",
      "name": "Geek Squad Protection Plans for Mobile Phones",
      "createdAt": "2016-11-17T17:57:04.285Z",
      "updatedAt": "2016-11-17T17:57:04.285Z",
      "subCategories": [
      ],
      "categoryPath": [
        {
          "id": "pcmcat138100050018",
          "name": "Geek Squad",
          "createdAt": "2016-11-17T17:57:04.643Z",
          "updatedAt": "2016-11-17T17:57:04.643Z"
        },
        {
          "id": "pcmcat282400050018",
          "name": "Geek Squad Protection Plans for Mobile Phones",
          "createdAt": "2016-11-17T17:57:04.285Z",
          "updatedAt": "2016-11-17T17:57:04.285Z"
        },
        {
          "id": "pcmcat748300499229",
          "name": "Promo E GS & AppleCare Pages",
          "createdAt": "2016-11-17T17:57:04.899Z",
          "updatedAt": "2016-11-17T17:57:04.899Z"
        }
      ]
    },
    {
      "id": "pcmcat298000050005",
      "name": "Mdot Mobile SAS",
      "createdAt": "2016-11-17T17:57:04.285Z",
      "updatedAt": "2016-11-17T17:57:04.285Z",
      "subCategories": [
      ],
      "categoryPath": [
        {
          "id": "pcmcat144600050035",
          "name": "More Categories",
          "createdAt": "2016-11-17T17:57:04.899Z",
          "updatedAt": "2016-11-17T17:57:04.899Z"
        },
        {
          "id": "pcmcat221300050003",
          "name": "Mdot Promotions",
          "createdAt": "2016-11-17T17:57:05.399Z",
          "updatedAt": "2016-11-17T17:57:05.399Z"
        },
        {
          "id": "pcmcat298000050005",
          "name": "Mdot Mobile SAS",
          "createdAt": "2016-11-17T17:57:04.285Z",
          "updatedAt": "2016-11-17T17:57:04.285Z"
        }
      ]
    },
    {
      "id": "pcmcat298200050001",
      "name": "Mdot Mobile Phone Trade-In",
      "createdAt": "2016-11-17T17:57:04.285Z",
      "updatedAt": "2016-11-17T17:57:04.285Z",
      "subCategories": [
      ],
      "categoryPath": [
        {
          "id": "pcmcat144600050035",
          "name": "More Categories",
          "createdAt": "2016-11-17T17:57:04.899Z",
          "updatedAt": "2016-11-17T17:57:04.899Z"
        },
        {
          "id": "pcmcat221300050003",
          "name": "Mdot Promotions",
          "createdAt": "2016-11-17T17:57:05.399Z",
          "updatedAt": "2016-11-17T17:57:05.399Z"
        },
        {
          "id": "pcmcat298200050001",
          "name": "Mdot Mobile Phone Trade-In",
          "createdAt": "2016-11-17T17:57:04.285Z",
          "updatedAt": "2016-11-17T17:57:04.285Z"
        }
      ]
    },
    {
      "id": "pcmcat307000050001",
      "name": "Mobile Payment Devices",
      "createdAt": "2016-11-17T17:57:04.285Z",
      "updatedAt": "2016-11-17T17:57:04.285Z",
      "subCategories": [
      ],
      "categoryPath": [
        {
          "id": "abcat0805000",
          "name": "Office Electronics",
          "createdAt": "2016-11-17T17:57:04.285Z",
          "updatedAt": "2016-11-17T17:57:04.285Z"
        },
        {
          "id": "pcmcat307000050001",
          "name": "Mobile Payment Devices",
          "createdAt": "2016-11-17T17:57:04.285Z",
          "updatedAt": "2016-11-17T17:57:04.285Z"
        },
        {
          "id": "pcmcat312300050015",
          "name": "Connected Home & Housewares",
          "createdAt": "2016-11-17T17:57:04.285Z",
          "updatedAt": "2016-11-17T17:57:04.285Z"
        }
      ]
    },
    {
      "id": "pcmcat310700050040",
      "name": "Plantronics Mobile Headsets",
      "createdAt": "2016-11-17T17:57:04.285Z",
      "updatedAt": "2016-11-17T17:57:04.285Z",
      "subCategories": [
      ],
      "categoryPath": [
        {
          "id": "pcmcat128500050004",
          "name": "Name Brands",
          "createdAt": "2016-11-17T17:57:04.643Z",
          "updatedAt": "2016-11-17T17:57:04.643Z"
        },
        {
          "id": "pcmcat309000050000",
          "name": "Plantronics Headsets",
          "createdAt": "2016-11-17T17:57:04.285Z",
          "updatedAt": "2016-11-17T17:57:04.285Z"
        },
        {
          "id": "pcmcat310700050040",
          "name": "Plantronics Mobile Headsets",
          "createdAt": "2016-11-17T17:57:04.285Z",
          "updatedAt": "2016-11-17T17:57:04.285Z"
        }
      ]
    },
    {
      "id": "pcmcat313900050003",
      "name": "Mobile Phone Accessories",
      "createdAt": "2016-11-17T17:57:04.285Z",
      "updatedAt": "2016-11-17T17:57:04.285Z",
      "subCategories": [
      ],
      "categoryPath": [
        {
          "id": "pcmcat128500050004",
          "name": "Name Brands",
          "createdAt": "2016-11-17T17:57:04.643Z",
          "updatedAt": "2016-11-17T17:57:04.643Z"
        },
        {
          "id": "pcmcat155800050048",
          "name": "Monster",
          "createdAt": "2016-11-17T17:57:04.899Z",
          "updatedAt": "2016-11-17T17:57:04.899Z"
        },
        {
          "id": "pcmcat313900050003",
          "name": "Mobile Phone Accessories",
          "createdAt": "2016-11-17T17:57:04.285Z",
          "updatedAt": "2016-11-17T17:57:04.285Z"
        }
      ]
    },
    {
      "id": "pcmcat339400050005",
      "name": "T-Mobile Prepaid Minutes",
      "createdAt": "2016-11-17T17:57:04.643Z",
      "updatedAt": "2016-11-17T17:57:04.643Z",
      "subCategories": [
      ],
      "categoryPath": [
        {
          "id": "abcat0800000",
          "name": "Cell Phones",
          "createdAt": "2016-11-17T17:57:04.285Z",
          "updatedAt": "2016-11-17T17:57:04.285Z"
        },
        {
          "id": "pcmcat208100050004",
          "name": "T-Mobile",
          "createdAt": "2016-11-17T17:57:05.399Z",
          "updatedAt": "2016-11-17T17:57:05.399Z"
        },
        {
          "id": "pcmcat339400050005",
          "name": "T-Mobile Prepaid Minutes",
          "createdAt": "2016-11-17T17:57:04.643Z",
          "updatedAt": "2016-11-17T17:57:04.643Z"
        }
      ]
    },
    {
      "id": "pcmcat339400050006",
      "name": "T-Mobile SIM Cards",
      "createdAt": "2016-11-17T17:57:04.643Z",
      "updatedAt": "2016-11-17T17:57:04.643Z",
      "subCategories": [
      ],
      "categoryPath": [
        {
          "id": "abcat0800000",
          "name": "Cell Phones",
          "createdAt": "2016-11-17T17:57:04.285Z",
          "updatedAt": "2016-11-17T17:57:04.285Z"
        },
        {
          "id": "pcmcat208100050004",
          "name": "T-Mobile",
          "createdAt": "2016-11-17T17:57:05.399Z",
          "updatedAt": "2016-11-17T17:57:05.399Z"
        },
        {
          "id": "pcmcat339400050006",
          "name": "T-Mobile SIM Cards",
          "createdAt": "2016-11-17T17:57:04.643Z",
          "updatedAt": "2016-11-17T17:57:04.643Z"
        }
      ]
    },
    {
      "id": "pcmcat383800050000",
      "name": "Boost Mobile",
      "createdAt": "2016-11-17T17:57:04.643Z",
      "updatedAt": "2016-11-17T17:57:04.643Z",
      "subCategories": [
      ],
      "categoryPath": [
        {
          "id": "pcmcat128500050004",
          "name": "Name Brands",
          "createdAt": "2016-11-17T17:57:04.643Z",
          "updatedAt": "2016-11-17T17:57:04.643Z"
        },
        {
          "id": "pcmcat383800050000",
          "name": "Boost Mobile",
          "createdAt": "2016-11-17T17:57:04.643Z",
          "updatedAt": "2016-11-17T17:57:04.643Z"
        }
      ]
    },
    {
      "id": "pcmcat383800050001",
      "name": "Virgin Mobile",
      "createdAt": "2016-11-17T17:57:04.643Z",
      "updatedAt": "2016-11-17T17:57:04.643Z",
      "subCategories": [
      ],
      "categoryPath": [
        {
          "id": "pcmcat128500050004",
          "name": "Name Brands",
          "createdAt": "2016-11-17T17:57:04.643Z",
          "updatedAt": "2016-11-17T17:57:04.643Z"
        },
        {
          "id": "pcmcat383800050001",
          "name": "Virgin Mobile",
          "createdAt": "2016-11-17T17:57:04.643Z",
          "updatedAt": "2016-11-17T17:57:04.643Z"
        }
      ]
    }
  ]
}

22:48:56.230 [ForkJoinPool-1-worker-4] INFO  com.intuit.karate - karate.env system property was: null 
22:48:56.243 [ForkJoinPool-1-worker-4] DEBUG com.intuit.karate - request:
1 > GET http://localhost:3030/products?%24sort%5Bprice%5D=-1
1 > Accept-Encoding: gzip,deflate
1 > Connection: Keep-Alive
1 > Host: localhost:3030
1 > User-Agent: Apache-HttpClient/4.5.5 (Java/1.8.0_221)

22:48:56.742 [pool-1-thread-2] INFO  com.intuit.karate.Runner - <<pass>> feature 2 of 17: classpath:com/n26/bestbuy/api/categories/categories-get.feature
---------------------------------------------------------
feature: classpath:com/n26/bestbuy/api/categories/categories-get.feature
report: target\surefire-reports\com.n26.bestbuy.api.categories.categories-get.json
scenarios:  3 | passed:  3 | failed:  0 | time: 10.5465
---------------------------------------------------------
22:48:57.224 [ForkJoinPool-1-worker-5] DEBUG com.intuit.karate - response time in milliseconds: 1434.80
1 < 200
1 < Access-Control-Allow-Origin: *
1 < Allow: GET,POST,PUT,PATCH,DELETE
1 < Connection: keep-alive
1 < Content-Type: application/json; charset=utf-8
1 < Date: Fri, 08 Nov 2019 17:18:56 GMT
1 < ETag: W/"1577-1ka8gZT/TT4ykD3mHTskILPg8Ls"
1 < Transfer-Encoding: chunked
1 < Vary: Accept, Accept-Encoding
1 < X-Powered-By: Express
{"total":55,"limit":10,"skip":0,"data":[{"id":"pcmcat282400050018","name":"Geek Squad Protection Plans for Mobile Phones","createdAt":"2016-11-17T17:57:04.285Z","updatedAt":"2016-11-17T17:57:04.285Z","subCategories":[],"categoryPath":[{"id":"pcmcat138100050018","name":"Geek Squad","createdAt":"2016-11-17T17:57:04.643Z","updatedAt":"2016-11-17T17:57:04.643Z"},{"id":"pcmcat282400050018","name":"Geek Squad Protection Plans for Mobile Phones","createdAt":"2016-11-17T17:57:04.285Z","updatedAt":"2016-11-17T17:57:04.285Z"},{"id":"pcmcat748300499229","name":"Promo E GS & AppleCare Pages","createdAt":"2016-11-17T17:57:04.899Z","updatedAt":"2016-11-17T17:57:04.899Z"}]},{"id":"pcmcat298000050005","name":"Mdot Mobile SAS","createdAt":"2016-11-17T17:57:04.285Z","updatedAt":"2016-11-17T17:57:04.285Z","subCategories":[],"categoryPath":[{"id":"pcmcat144600050035","name":"More Categories","createdAt":"2016-11-17T17:57:04.899Z","updatedAt":"2016-11-17T17:57:04.899Z"},{"id":"pcmcat221300050003","name":"Mdot Promotions","createdAt":"2016-11-17T17:57:05.399Z","updatedAt":"2016-11-17T17:57:05.399Z"},{"id":"pcmcat298000050005","name":"Mdot Mobile SAS","createdAt":"2016-11-17T17:57:04.285Z","updatedAt":"2016-11-17T17:57:04.285Z"}]},{"id":"pcmcat298200050001","name":"Mdot Mobile Phone Trade-In","createdAt":"2016-11-17T17:57:04.285Z","updatedAt":"2016-11-17T17:57:04.285Z","subCategories":[],"categoryPath":[{"id":"pcmcat144600050035","name":"More Categories","createdAt":"2016-11-17T17:57:04.899Z","updatedAt":"2016-11-17T17:57:04.899Z"},{"id":"pcmcat221300050003","name":"Mdot Promotions","createdAt":"2016-11-17T17:57:05.399Z","updatedAt":"2016-11-17T17:57:05.399Z"},{"id":"pcmcat298200050001","name":"Mdot Mobile Phone Trade-In","createdAt":"2016-11-17T17:57:04.285Z","updatedAt":"2016-11-17T17:57:04.285Z"}]},{"id":"pcmcat307000050001","name":"Mobile Payment Devices","createdAt":"2016-11-17T17:57:04.285Z","updatedAt":"2016-11-17T17:57:04.285Z","subCategories":[],"categoryPath":[{"id":"abcat0805000","name":"Office Electronics","createdAt":"2016-11-17T17:57:04.285Z","updatedAt":"2016-11-17T17:57:04.285Z"},{"id":"pcmcat307000050001","name":"Mobile Payment Devices","createdAt":"2016-11-17T17:57:04.285Z","updatedAt":"2016-11-17T17:57:04.285Z"},{"id":"pcmcat312300050015","name":"Connected Home & Housewares","createdAt":"2016-11-17T17:57:04.285Z","updatedAt":"2016-11-17T17:57:04.285Z"}]},{"id":"pcmcat310700050040","name":"Plantronics Mobile Headsets","createdAt":"2016-11-17T17:57:04.285Z","updatedAt":"2016-11-17T17:57:04.285Z","subCategories":[],"categoryPath":[{"id":"pcmcat128500050004","name":"Name Brands","createdAt":"2016-11-17T17:57:04.643Z","updatedAt":"2016-11-17T17:57:04.643Z"},{"id":"pcmcat309000050000","name":"Plantronics Headsets","createdAt":"2016-11-17T17:57:04.285Z","updatedAt":"2016-11-17T17:57:04.285Z"},{"id":"pcmcat310700050040","name":"Plantronics Mobile Headsets","createdAt":"2016-11-17T17:57:04.285Z","updatedAt":"2016-11-17T17:57:04.285Z"}]},{"id":"pcmcat313900050003","name":"Mobile Phone Accessories","createdAt":"2016-11-17T17:57:04.285Z","updatedAt":"2016-11-17T17:57:04.285Z","subCategories":[],"categoryPath":[{"id":"pcmcat128500050004","name":"Name Brands","createdAt":"2016-11-17T17:57:04.643Z","updatedAt":"2016-11-17T17:57:04.643Z"},{"id":"pcmcat155800050048","name":"Monster","createdAt":"2016-11-17T17:57:04.899Z","updatedAt":"2016-11-17T17:57:04.899Z"},{"id":"pcmcat313900050003","name":"Mobile Phone Accessories","createdAt":"2016-11-17T17:57:04.285Z","updatedAt":"2016-11-17T17:57:04.285Z"}]},{"id":"pcmcat339400050005","name":"T-Mobile Prepaid Minutes","createdAt":"2016-11-17T17:57:04.643Z","updatedAt":"2016-11-17T17:57:04.643Z","subCategories":[],"categoryPath":[{"id":"abcat0800000","name":"Cell Phones","createdAt":"2016-11-17T17:57:04.285Z","updatedAt":"2016-11-17T17:57:04.285Z"},{"id":"pcmcat208100050004","name":"T-Mobile","createdAt":"2016-11-17T17:57:05.399Z","updatedAt":"2016-11-17T17:57:05.399Z"},{"id":"pcmcat339400050005","name":"T-Mobile Prepaid Minutes","createdAt":"2016-11-17T17:57:04.643Z","updatedAt":"2016-11-17T17:57:04.643Z"}]},{"id":"pcmcat339400050006","name":"T-Mobile SIM Cards","createdAt":"2016-11-17T17:57:04.643Z","updatedAt":"2016-11-17T17:57:04.643Z","subCategories":[],"categoryPath":[{"id":"abcat0800000","name":"Cell Phones","createdAt":"2016-11-17T17:57:04.285Z","updatedAt":"2016-11-17T17:57:04.285Z"},{"id":"pcmcat208100050004","name":"T-Mobile","createdAt":"2016-11-17T17:57:05.399Z","updatedAt":"2016-11-17T17:57:05.399Z"},{"id":"pcmcat339400050006","name":"T-Mobile SIM Cards","createdAt":"2016-11-17T17:57:04.643Z","updatedAt":"2016-11-17T17:57:04.643Z"}]},{"id":"pcmcat383800050000","name":"Boost Mobile","createdAt":"2016-11-17T17:57:04.643Z","updatedAt":"2016-11-17T17:57:04.643Z","subCategories":[],"categoryPath":[{"id":"pcmcat128500050004","name":"Name Brands","createdAt":"2016-11-17T17:57:04.643Z","updatedAt":"2016-11-17T17:57:04.643Z"},{"id":"pcmcat383800050000","name":"Boost Mobile","createdAt":"2016-11-17T17:57:04.643Z","updatedAt":"2016-11-17T17:57:04.643Z"}]},{"id":"pcmcat383800050001","name":"Virgin Mobile","createdAt":"2016-11-17T17:57:04.643Z","updatedAt":"2016-11-17T17:57:04.643Z","subCategories":[],"categoryPath":[{"id":"pcmcat128500050004","name":"Name Brands","createdAt":"2016-11-17T17:57:04.643Z","updatedAt":"2016-11-17T17:57:04.643Z"},{"id":"pcmcat383800050001","name":"Virgin Mobile","createdAt":"2016-11-17T17:57:04.643Z","updatedAt":"2016-11-17T17:57:04.643Z"}]}]}

22:48:57.229 [ForkJoinPool-1-worker-5] INFO  com.intuit.karate - [print] {
  "total": 55,
  "limit": 10,
  "skip": 0,
  "data": [
    {
      "id": "pcmcat282400050018",
      "name": "Geek Squad Protection Plans for Mobile Phones",
      "createdAt": "2016-11-17T17:57:04.285Z",
      "updatedAt": "2016-11-17T17:57:04.285Z",
      "subCategories": [
      ],
      "categoryPath": [
        {
          "id": "pcmcat138100050018",
          "name": "Geek Squad",
          "createdAt": "2016-11-17T17:57:04.643Z",
          "updatedAt": "2016-11-17T17:57:04.643Z"
        },
        {
          "id": "pcmcat282400050018",
          "name": "Geek Squad Protection Plans for Mobile Phones",
          "createdAt": "2016-11-17T17:57:04.285Z",
          "updatedAt": "2016-11-17T17:57:04.285Z"
        },
        {
          "id": "pcmcat748300499229",
          "name": "Promo E GS & AppleCare Pages",
          "createdAt": "2016-11-17T17:57:04.899Z",
          "updatedAt": "2016-11-17T17:57:04.899Z"
        }
      ]
    },
    {
      "id": "pcmcat298000050005",
      "name": "Mdot Mobile SAS",
      "createdAt": "2016-11-17T17:57:04.285Z",
      "updatedAt": "2016-11-17T17:57:04.285Z",
      "subCategories": [
      ],
      "categoryPath": [
        {
          "id": "pcmcat144600050035",
          "name": "More Categories",
          "createdAt": "2016-11-17T17:57:04.899Z",
          "updatedAt": "2016-11-17T17:57:04.899Z"
        },
        {
          "id": "pcmcat221300050003",
          "name": "Mdot Promotions",
          "createdAt": "2016-11-17T17:57:05.399Z",
          "updatedAt": "2016-11-17T17:57:05.399Z"
        },
        {
          "id": "pcmcat298000050005",
          "name": "Mdot Mobile SAS",
          "createdAt": "2016-11-17T17:57:04.285Z",
          "updatedAt": "2016-11-17T17:57:04.285Z"
        }
      ]
    },
    {
      "id": "pcmcat298200050001",
      "name": "Mdot Mobile Phone Trade-In",
      "createdAt": "2016-11-17T17:57:04.285Z",
      "updatedAt": "2016-11-17T17:57:04.285Z",
      "subCategories": [
      ],
      "categoryPath": [
        {
          "id": "pcmcat144600050035",
          "name": "More Categories",
          "createdAt": "2016-11-17T17:57:04.899Z",
          "updatedAt": "2016-11-17T17:57:04.899Z"
        },
        {
          "id": "pcmcat221300050003",
          "name": "Mdot Promotions",
          "createdAt": "2016-11-17T17:57:05.399Z",
          "updatedAt": "2016-11-17T17:57:05.399Z"
        },
        {
          "id": "pcmcat298200050001",
          "name": "Mdot Mobile Phone Trade-In",
          "createdAt": "2016-11-17T17:57:04.285Z",
          "updatedAt": "2016-11-17T17:57:04.285Z"
        }
      ]
    },
    {
      "id": "pcmcat307000050001",
      "name": "Mobile Payment Devices",
      "createdAt": "2016-11-17T17:57:04.285Z",
      "updatedAt": "2016-11-17T17:57:04.285Z",
      "subCategories": [
      ],
      "categoryPath": [
        {
          "id": "abcat0805000",
          "name": "Office Electronics",
          "createdAt": "2016-11-17T17:57:04.285Z",
          "updatedAt": "2016-11-17T17:57:04.285Z"
        },
        {
          "id": "pcmcat307000050001",
          "name": "Mobile Payment Devices",
          "createdAt": "2016-11-17T17:57:04.285Z",
          "updatedAt": "2016-11-17T17:57:04.285Z"
        },
        {
          "id": "pcmcat312300050015",
          "name": "Connected Home & Housewares",
          "createdAt": "2016-11-17T17:57:04.285Z",
          "updatedAt": "2016-11-17T17:57:04.285Z"
        }
      ]
    },
    {
      "id": "pcmcat310700050040",
      "name": "Plantronics Mobile Headsets",
      "createdAt": "2016-11-17T17:57:04.285Z",
      "updatedAt": "2016-11-17T17:57:04.285Z",
      "subCategories": [
      ],
      "categoryPath": [
        {
          "id": "pcmcat128500050004",
          "name": "Name Brands",
          "createdAt": "2016-11-17T17:57:04.643Z",
          "updatedAt": "2016-11-17T17:57:04.643Z"
        },
        {
          "id": "pcmcat309000050000",
          "name": "Plantronics Headsets",
          "createdAt": "2016-11-17T17:57:04.285Z",
          "updatedAt": "2016-11-17T17:57:04.285Z"
        },
        {
          "id": "pcmcat310700050040",
          "name": "Plantronics Mobile Headsets",
          "createdAt": "2016-11-17T17:57:04.285Z",
          "updatedAt": "2016-11-17T17:57:04.285Z"
        }
      ]
    },
    {
      "id": "pcmcat313900050003",
      "name": "Mobile Phone Accessories",
      "createdAt": "2016-11-17T17:57:04.285Z",
      "updatedAt": "2016-11-17T17:57:04.285Z",
      "subCategories": [
      ],
      "categoryPath": [
        {
          "id": "pcmcat128500050004",
          "name": "Name Brands",
          "createdAt": "2016-11-17T17:57:04.643Z",
          "updatedAt": "2016-11-17T17:57:04.643Z"
        },
        {
          "id": "pcmcat155800050048",
          "name": "Monster",
          "createdAt": "2016-11-17T17:57:04.899Z",
          "updatedAt": "2016-11-17T17:57:04.899Z"
        },
        {
          "id": "pcmcat313900050003",
          "name": "Mobile Phone Accessories",
          "createdAt": "2016-11-17T17:57:04.285Z",
          "updatedAt": "2016-11-17T17:57:04.285Z"
        }
      ]
    },
    {
      "id": "pcmcat339400050005",
      "name": "T-Mobile Prepaid Minutes",
      "createdAt": "2016-11-17T17:57:04.643Z",
      "updatedAt": "2016-11-17T17:57:04.643Z",
      "subCategories": [
      ],
      "categoryPath": [
        {
          "id": "abcat0800000",
          "name": "Cell Phones",
          "createdAt": "2016-11-17T17:57:04.285Z",
          "updatedAt": "2016-11-17T17:57:04.285Z"
        },
        {
          "id": "pcmcat208100050004",
          "name": "T-Mobile",
          "createdAt": "2016-11-17T17:57:05.399Z",
          "updatedAt": "2016-11-17T17:57:05.399Z"
        },
        {
          "id": "pcmcat339400050005",
          "name": "T-Mobile Prepaid Minutes",
          "createdAt": "2016-11-17T17:57:04.643Z",
          "updatedAt": "2016-11-17T17:57:04.643Z"
        }
      ]
    },
    {
      "id": "pcmcat339400050006",
      "name": "T-Mobile SIM Cards",
      "createdAt": "2016-11-17T17:57:04.643Z",
      "updatedAt": "2016-11-17T17:57:04.643Z",
      "subCategories": [
      ],
      "categoryPath": [
        {
          "id": "abcat0800000",
          "name": "Cell Phones",
          "createdAt": "2016-11-17T17:57:04.285Z",
          "updatedAt": "2016-11-17T17:57:04.285Z"
        },
        {
          "id": "pcmcat208100050004",
          "name": "T-Mobile",
          "createdAt": "2016-11-17T17:57:05.399Z",
          "updatedAt": "2016-11-17T17:57:05.399Z"
        },
        {
          "id": "pcmcat339400050006",
          "name": "T-Mobile SIM Cards",
          "createdAt": "2016-11-17T17:57:04.643Z",
          "updatedAt": "2016-11-17T17:57:04.643Z"
        }
      ]
    },
    {
      "id": "pcmcat383800050000",
      "name": "Boost Mobile",
      "createdAt": "2016-11-17T17:57:04.643Z",
      "updatedAt": "2016-11-17T17:57:04.643Z",
      "subCategories": [
      ],
      "categoryPath": [
        {
          "id": "pcmcat128500050004",
          "name": "Name Brands",
          "createdAt": "2016-11-17T17:57:04.643Z",
          "updatedAt": "2016-11-17T17:57:04.643Z"
        },
        {
          "id": "pcmcat383800050000",
          "name": "Boost Mobile",
          "createdAt": "2016-11-17T17:57:04.643Z",
          "updatedAt": "2016-11-17T17:57:04.643Z"
        }
      ]
    },
    {
      "id": "pcmcat383800050001",
      "name": "Virgin Mobile",
      "createdAt": "2016-11-17T17:57:04.643Z",
      "updatedAt": "2016-11-17T17:57:04.643Z",
      "subCategories": [
      ],
      "categoryPath": [
        {
          "id": "pcmcat128500050004",
          "name": "Name Brands",
          "createdAt": "2016-11-17T17:57:04.643Z",
          "updatedAt": "2016-11-17T17:57:04.643Z"
        },
        {
          "id": "pcmcat383800050001",
          "name": "Virgin Mobile",
          "createdAt": "2016-11-17T17:57:04.643Z",
          "updatedAt": "2016-11-17T17:57:04.643Z"
        }
      ]
    }
  ]
}

22:48:57.245 [ForkJoinPool-1-worker-5] INFO  com.intuit.karate - karate.env system property was: null 
22:48:57.252 [ForkJoinPool-1-worker-5] DEBUG com.intuit.karate - request:
1 > GET http://localhost:3030/products?%24select%5B%5D=description
1 > Accept-Encoding: gzip,deflate
1 > Connection: Keep-Alive
1 > Host: localhost:3030
1 > User-Agent: Apache-HttpClient/4.5.5 (Java/1.8.0_221)

22:48:57.302 [ForkJoinPool-1-worker-2] DEBUG com.intuit.karate - response time in milliseconds: 2237.57
1 < 200
1 < Access-Control-Allow-Origin: *
1 < Allow: GET,POST,PUT,PATCH,DELETE
1 < Connection: keep-alive
1 < Content-Type: application/json; charset=utf-8
1 < Date: Fri, 08 Nov 2019 17:18:57 GMT
1 < ETag: W/"26ba-UOMZTn8L8Lk9aDbN1qp7bvK0uFQ"
1 < Transfer-Encoding: chunked
1 < Vary: Accept, Accept-Encoding
1 < X-Powered-By: Express
{"total":29,"limit":10,"skip":0,"data":[{"id":2698105,"name":"Sony - 43\" Class (42.5\" Diag.) - LED - 2160p - Smart - 4K Ultra HD TV - Black","type":"HardGood","price":699.99,"upc":"027242888067","shipping":0,"description":"2160p resolutionMotionflow XR 960Smart Android TV with Google Play and Google Cast built-in","manufacturer":"Sony","model":"XBR43X830C","url":"http://www.bestbuy.com/site/sony-43-class-42-5-diag--led-2160p-smart-4k-ultra-hd-tv-black/2698105.p?id=1219555371949&skuId=2698105&cmp=RMXCC","image":"http://img.bbystatic.com/BestBuy_US/images/products/2698/2698105_sa.jpg","createdAt":"2016-11-17T18:01:44.806Z","updatedAt":"2016-11-17T18:01:44.806Z","categories":[{"id":"abcat0100000","name":"TV & Home Theater","createdAt":"2016-11-17T17:57:04.285Z","updatedAt":"2016-11-17T17:57:04.285Z"},{"id":"abcat0101000","name":"TVs","createdAt":"2016-11-17T17:57:04.285Z","updatedAt":"2016-11-17T17:57:04.285Z"},{"id":"pcmcat333800050003","name":"4K Ultra HD TVs","createdAt":"2016-11-17T17:57:04.643Z","updatedAt":"2016-11-17T17:57:04.643Z"}]},{"id":3892026,"name":"LG - 50\" Class (49.5\" Diag.) - LED - 1080p - Smart - HDTV - Black","type":"HardGood","price":549.99,"upc":"719192597044","shipping":0,"description":"1080p resolutionTruMotion 120Smart TV, LG Content Store, Web browser included","manufacturer":"LG","model":"50LF6100","url":"http://www.bestbuy.com/site/lg-50-class-49-5-diag--led-1080p-smart-hdtv-black/3892026.p?id=1219606085772&skuId=3892026&cmp=RMXCC","image":"http://img.bbystatic.com/BestBuy_US/images/products/3892/3892026_sa.jpg","createdAt":"2016-11-17T18:00:01.751Z","updatedAt":"2016-11-17T18:00:01.751Z","categories":[{"id":"abcat0100000","name":"TV & Home Theater","createdAt":"2016-11-17T17:57:04.285Z","updatedAt":"2016-11-17T17:57:04.285Z"},{"id":"abcat0101000","name":"TVs","createdAt":"2016-11-17T17:57:04.285Z","updatedAt":"2016-11-17T17:57:04.285Z"},{"id":"abcat0101001","name":"All Flat-Panel TVs","createdAt":"2016-11-17T17:57:04.285Z","updatedAt":"2016-11-17T17:57:04.285Z"}]},{"id":3953157,"name":"Samsung - 40\" Class (40\" Diag.) - LED - 2160p - Smart - 4K Ultra HD TV - Black","type":"HardGood","price":749.99,"upc":"887276075716","shipping":0,"description":"2160p 4K Ultra HD resolutionClear Motion Rate 120Smart TV, S-Recommendation, Web browser","manufacturer":"Samsung","model":"UN40JU6500FXZA","url":"http://www.bestbuy.com/site/samsung-40-class-40-diag--led-2160p-smart-4k-ultra-hd-tv-black/3953157.p?id=1219609307257&skuId=3953157&cmp=RMXCC","image":"http://img.bbystatic.com/BestBuy_US/images/products/3953/3953157_sa.jpg","createdAt":"2016-11-17T18:00:31.886Z","updatedAt":"2016-11-17T18:00:31.886Z","categories":[{"id":"abcat0100000","name":"TV & Home Theater","createdAt":"2016-11-17T17:57:04.285Z","updatedAt":"2016-11-17T17:57:04.285Z"},{"id":"abcat0101000","name":"TVs","createdAt":"2016-11-17T17:57:04.285Z","updatedAt":"2016-11-17T17:57:04.285Z"},{"id":"pcmcat333800050003","name":"4K Ultra HD TVs","createdAt":"2016-11-17T17:57:04.643Z","updatedAt":"2016-11-17T17:57:04.643Z"}]},{"id":4405201,"name":"Samsung - 50\" Class (49.5\" Diag.) - LED - 1080p - Smart - HDTV - Black","type":"HardGood","price":699.99,"upc":"887276069210","shipping":0,"description":"1080p resolutionMotion Rate 60Smart TV, Web browser included","manufacturer":"Samsung","model":"UN50J5200AFXZA","url":"http://www.bestbuy.com/site/samsung-50-class-49-5-diag--led-1080p-smart-hdtv-black/4405201.p?id=1219743457219&skuId=4405201&cmp=RMXCC","image":"http://img.bbystatic.com/BestBuy_US/images/products/4405/4405201_sa.jpg","createdAt":"2016-11-17T18:01:06.648Z","updatedAt":"2016-11-17T18:01:06.648Z","categories":[{"id":"abcat0100000","name":"TV & Home Theater","createdAt":"2016-11-17T17:57:04.285Z","updatedAt":"2016-11-17T17:57:04.285Z"},{"id":"abcat0101000","name":"TVs","createdAt":"2016-11-17T17:57:04.285Z","updatedAt":"2016-11-17T17:57:04.285Z"},{"id":"abcat0101001","name":"All Flat-Panel TVs","createdAt":"2016-11-17T17:57:04.285Z","updatedAt":"2016-11-17T17:57:04.285Z"}]},{"id":4513700,"name":"Samsung - 48\" Class (47.6\" Diag.) - LED - 1080p - Smart - HDTV - Black","type":"HardGood","price":599.99,"upc":"887276124797","shipping":0,"description":"1080p resolutionMotion Rate 60Smart TV, Samsung Smart Hub, Web browser included","manufacturer":"Samsung","model":"UN48J5201AFXZA","url":"http://www.bestbuy.com/site/samsung-48-class-47-6-diag--led-1080p-smart-hdtv-black/4513700.p?id=1219756369972&skuId=4513700&cmp=RMXCC","image":"http://img.bbystatic.com/BestBuy_US/images/products/4513/4513700_sa.jpg","createdAt":"2016-11-17T17:58:03.298Z","updatedAt":"2016-11-17T17:58:03.298Z","categories":[{"id":"abcat0100000","name":"TV & Home Theater","createdAt":"2016-11-17T17:57:04.285Z","updatedAt":"2016-11-17T17:57:04.285Z"},{"id":"abcat0101000","name":"TVs","createdAt":"2016-11-17T17:57:04.285Z","updatedAt":"2016-11-17T17:57:04.285Z"},{"id":"abcat0101001","name":"All Flat-Panel TVs","createdAt":"2016-11-17T17:57:04.285Z","updatedAt":"2016-11-17T17:57:04.285Z"}]},{"id":4517000,"name":"LG - 49\" Class (48.5\" Diag.) - LED - 2160p - Smart - 4K Ultra HDTV - Black","type":"HardGood","price":599.99,"upc":"719192602632","shipping":0,"description":"2160p resolutionTruMotion 120Smart TV","manufacturer":"LG","model":"49UF6430","url":"http://www.bestbuy.com/site/lg-49-class-48-5-diag--led-2160p-smart-4k-ultra-hdtv-black/4517000.p?id=1219755712396&skuId=4517000&cmp=RMXCC","image":"http://img.bbystatic.com/BestBuy_US/images/products/4517/4517000_sa.jpg","createdAt":"2016-11-17T17:58:03.298Z","updatedAt":"2016-11-17T17:58:03.298Z","categories":[{"id":"abcat0100000","name":"TV & Home Theater","createdAt":"2016-11-17T17:57:04.285Z","updatedAt":"2016-11-17T17:57:04.285Z"},{"id":"abcat0101000","name":"TVs","createdAt":"2016-11-17T17:57:04.285Z","updatedAt":"2016-11-17T17:57:04.285Z"},{"id":"pcmcat333800050003","name":"4K Ultra HD TVs","createdAt":"2016-11-17T17:57:04.643Z","updatedAt":"2016-11-17T17:57:04.643Z"}]},{"id":4801501,"name":"Sony - 48\" Class (47.6\" Diag.) - LED - 1080p - Smart - HDTV - Black","type":"HardGood","price":549.99,"upc":"027242896482","shipping":0,"description":"1080p resolutionMotionflow XR 240Smart TV, Opera browser,","manufacturer":"Sony","model":"KDL48W650D","url":"http://www.bestbuy.com/site/sony-48-class-47-6-diag--led-1080p-smart-hdtv-black/4801501.p?id=1219824662196&skuId=4801501&cmp=RMXCC","image":"http://img.bbystatic.com/BestBuy_US/images/products/4801/4801501_sa.jpg","createdAt":"2016-11-17T18:02:21.601Z","updatedAt":"2016-11-17T18:02:21.601Z","categories":[{"id":"abcat0100000","name":"TV & Home Theater","createdAt":"2016-11-17T17:57:04.285Z","updatedAt":"2016-11-17T17:57:04.285Z"},{"id":"abcat0101000","name":"TVs","createdAt":"2016-11-17T17:57:04.285Z","updatedAt":"2016-11-17T17:57:04.285Z"},{"id":"abcat0101001","name":"All Flat-Panel TVs","createdAt":"2016-11-17T17:57:04.285Z","updatedAt":"2016-11-17T17:57:04.285Z"}]},{"id":4801700,"name":"Sony - 43\" Class (42.5\" Diag.) - LED - 2160p - Smart - 4K Ultra HD TV with High Dynamic Range - Black","type":"HardGood","price":749.99,"upc":"027242896529","shipping":0,"description":"2160p resolution with HDRMotionflow XR 240Smart TV, Android TV","manufacturer":"Sony","model":"XBR43X800D","url":"http://www.bestbuy.com/site/sony-43-class-42-5-diag--led-2160p-smart-4k-ultra-hd-tv-with-high-dynamic-range-black/4801700.p?id=1219824659346&skuId=4801700&cmp=RMXCC","image":"http://img.bbystatic.com/BestBuy_US/images/products/4801/4801700_sa.jpg","createdAt":"2016-11-17T18:02:21.601Z","updatedAt":"2016-11-17T18:02:21.601Z","categories":[{"id":"abcat0100000","name":"TV & Home Theater","createdAt":"2016-11-17T17:57:04.285Z","updatedAt":"2016-11-17T17:57:04.285Z"},{"id":"abcat0101000","name":"TVs","createdAt":"2016-11-17T17:57:04.285Z","updatedAt":"2016-11-17T17:57:04.285Z"},{"id":"pcmcat333800050003","name":"4K Ultra HD TVs","createdAt":"2016-11-17T17:57:04.643Z","updatedAt":"2016-11-17T17:57:04.643Z"}]},{"id":4801704,"name":"Sony - 49\" Class (48.5\" Diag.) - LED - 2160p - Smart - 4K Ultra HD TV - Black","type":"HardGood","price":799.99,"upc":"027242896581","shipping":0,"description":"2160p resolutionMotionflow XR 240Smart TV, Android TV","manufacturer":"Sony","model":"XBR49X700D","url":"http://www.bestbuy.com/site/sony-49-class-48-5-diag--led-2160p-smart-4k-ultra-hd-tv-black/4801704.p?id=1219824659349&skuId=4801704&cmp=RMXCC","image":"http://img.bbystatic.com/BestBuy_US/images/products/4801/4801704_sa.jpg","createdAt":"2016-11-17T18:02:21.601Z","updatedAt":"2016-11-17T18:02:21.601Z","categories":[{"id":"abcat0100000","name":"TV & Home Theater","createdAt":"2016-11-17T17:57:04.285Z","updatedAt":"2016-11-17T17:57:04.285Z"},{"id":"abcat0101000","name":"TVs","createdAt":"2016-11-17T17:57:04.285Z","updatedAt":"2016-11-17T17:57:04.285Z"},{"id":"pcmcat333800050003","name":"4K Ultra HD TVs","createdAt":"2016-11-17T17:57:04.643Z","updatedAt":"2016-11-17T17:57:04.643Z"}]},{"id":4807300,"name":"Toshiba - 55\" Class (54.6\" Diag.) - LED - 1080p - Smart - HDTV - Black","type":"HardGood","price":549.99,"upc":"600603198250","shipping":0,"description":"Only at Best Buy1080p resolution60Hz refresh rateSmart TV","manufacturer":"Toshiba","model":"55L421U","url":"http://www.bestbuy.com/site/toshiba-55-class-54-6-diag--led-1080p-smart-hdtv-black/4807300.p?id=bb4807300&skuId=4807300&cmp=RMXCC","image":"http://img.bbystatic.com/BestBuy_US/images/products/4807/4807300_sa.jpg","createdAt":"2016-11-17T17:58:03.298Z","updatedAt":"2016-11-17T17:58:03.298Z","categories":[{"id":"abcat0100000","name":"TV & Home Theater","createdAt":"2016-11-17T17:57:04.285Z","updatedAt":"2016-11-17T17:57:04.285Z"},{"id":"abcat0101000","name":"TVs","createdAt":"2016-11-17T17:57:04.285Z","updatedAt":"2016-11-17T17:57:04.285Z"},{"id":"abcat0101001","name":"All Flat-Panel TVs","createdAt":"2016-11-17T17:57:04.285Z","updatedAt":"2016-11-17T17:57:04.285Z"}]}]}

22:48:57.317 [ForkJoinPool-1-worker-2] INFO  com.intuit.karate - karate.env system property was: null 
22:48:57.326 [ForkJoinPool-1-worker-2] DEBUG com.intuit.karate - request:
1 > GET http://localhost:3030/products?category.name=TVs&price%5B%24gt%5D=500&price%5B%24lt%5D=800&shipping%5B%24eq%5D=0
1 > Accept-Encoding: gzip,deflate
1 > Connection: Keep-Alive
1 > Host: localhost:3030
1 > User-Agent: Apache-HttpClient/4.5.5 (Java/1.8.0_221)

22:48:57.336 [ForkJoinPool-1-worker-1] DEBUG com.intuit.karate - response time in milliseconds: 2254.47
1 < 200
1 < Access-Control-Allow-Origin: *
1 < Allow: GET,POST,PUT,PATCH,DELETE
1 < Connection: keep-alive
1 < Content-Type: application/json; charset=utf-8
1 < Date: Fri, 08 Nov 2019 17:18:57 GMT
1 < ETag: W/"1577-1ka8gZT/TT4ykD3mHTskILPg8Ls"
1 < Transfer-Encoding: chunked
1 < Vary: Accept, Accept-Encoding
1 < X-Powered-By: Express
[...]
Washington Blvd","address2":"","city":"Culver City","state":"CA","zip":"90232","lat":34.016224,"lng":-118.40641,"hours":"Mon: 10-9; Tue: 10-9; Wed: 10-9; Thurs: 10-9; Fri: 10-9; Sat: 10-9; Sun: 11-8","createdAt":"2016-11-17T17:57:04.911Z","updatedAt":"2016-11-17T17:57:04.911Z","services":[{"id":1,"name":"Geek Squad Services","createdAt":"2016-11-17T17:56:35.881Z","updatedAt":"2016-11-17T17:56:35.881Z","storeservices":{"createdAt":"2016-11-17T17:57:08.465Z","updatedAt":"2016-11-17T17:57:08.465Z","storeId":179,"serviceId":1}},{"id":2,"name":"Best Buy Mobile","createdAt":"2016-11-17T17:56:35.881Z","updatedAt":"2016-11-17T17:56:35.881Z","storeservices":{"createdAt":"2016-11-17T17:57:08.465Z","updatedAt":"2016-11-17T17:57:08.465Z","storeId":179,"serviceId":2}},{"id":3,"name":"Best Buy For Business","createdAt":"2016-11-17T17:56:35.881Z","updatedAt":"2016-11-17T17:56:35.881Z","storeservices":{"createdAt":"2016-11-17T17:57:08.465Z","updatedAt":"2016-11-17T17:57:08.465Z","storeId":179,"serviceId":3}},{"id":4,"name":"Apple Shop","createdAt":"2016-11-17T17:56:35.881Z","updatedAt":"2016-11-17T17:56:35.881Z","storeservices":{"createdAt":"2016-11-17T17:57:08.465Z","updatedAt":"2016-11-17T17:57:08.465Z","storeId":179,"serviceId":4}},{"id":5,"name":"Hablamos Español","createdAt":"2016-11-17T17:56:35.881Z","updatedAt":"2016-11-17T17:56:35.881Z","storeservices":{"createdAt":"2016-11-17T17:57:08.465Z","updatedAt":"2016-11-17T17:57:08.465Z","storeId":179,"serviceId":5}},{"id":7,"name":"Electronics Recycling","createdAt":"2016-11-17T17:56:35.881Z","updatedAt":"2016-11-17T17:56:35.881Z","storeservices":{"createdAt":"2016-11-17T17:57:08.465Z","updatedAt":"2016-11-17T17:57:08.465Z","storeId":179,"serviceId":7}},{"id":8,"name":"Magnolia Home Theater","createdAt":"2016-11-17T17:56:35.881Z","updatedAt":"2016-11-17T17:56:35.881Z","storeservices":{"createdAt":"2016-11-17T17:57:08.465Z","updatedAt":"2016-11-17T17:57:08.465Z","storeId":179,"serviceId":8}},{"id":10,"name":"Windows Store","createdAt":"2016-11-17T17:56:35.881Z","updatedAt":"2016-11-17T17:56:35.881Z","storeservices":{"createdAt":"2016-11-17T17:57:08.465Z","updatedAt":"2016-11-17T17:57:08.465Z","storeId":179,"serviceId":10}},{"id":11,"name":"Samsung Experience","createdAt":"2016-11-17T17:56:35.881Z","updatedAt":"2016-11-17T17:56:35.881Z","storeservices":{"createdAt":"2016-11-17T17:57:08.465Z","updatedAt":"2016-11-17T17:57:08.465Z","storeId":179,"serviceId":11}},{"id":12,"name":"Car & GPS Installation Services","createdAt":"2016-11-17T17:56:35.881Z","updatedAt":"2016-11-17T17:56:35.881Z","storeservices":{"createdAt":"2016-11-17T17:57:08.465Z","updatedAt":"2016-11-17T17:57:08.465Z","storeId":179,"serviceId":12}},{"id":13,"name":"LG Experience ","createdAt":"2016-11-17T17:56:35.881Z","updatedAt":"2016-11-17T17:56:35.881Z","storeservices":{"createdAt":"2016-11-17T17:57:08.465Z","updatedAt":"2016-11-17T17:57:08.465Z","storeId":179,"serviceId":13}},{"id":14,"name":"Sony Experience ","createdAt":"2016-11-17T17:56:35.881Z","updatedAt":"2016-11-17T17:56:35.881Z","storeservices":{"createdAt":"2016-11-17T17:57:08.465Z","updatedAt":"2016-11-17T17:57:08.465Z","storeId":179,"serviceId":14}}]},{"id":183,"name":"Atwater Village","type":"BigBox","address":"2909 Los Feliz Blvd","address2":"","city":"Los Angeles","state":"CA","zip":"90039","lat":34.126701,"lng":-118.26443,"hours":"Mon: 10-9; Tue: 10-9; Wed: 10-9; Thurs: 10-9; Fri: 10-9; Sat: 10-9; Sun: 11-8","createdAt":"2016-11-17T17:57:04.912Z","updatedAt":"2016-11-17T17:57:04.912Z","services":[{"id":1,"name":"Geek Squad Services","createdAt":"2016-11-17T17:56:35.881Z","updatedAt":"2016-11-17T17:56:35.881Z","storeservices":{"createdAt":"2016-11-17T17:57:08.466Z","updatedAt":"2016-11-17T17:57:08.466Z","storeId":183,"serviceId":1}},{"id":2,"name":"Best Buy Mobile","createdAt":"2016-11-17T17:56:35.881Z","updatedAt":"2016-11-17T17:56:35.881Z","storeservices":{"createdAt":"2016-11-17T17:57:08.466Z","updatedAt":"2016-11-17T17:57:08.466Z","storeId":183,"serviceId":2}},{"id":3,"name":"Best Buy For Business","createdAt":"2016-11-17T17:56:35.881Z","updatedAt":"2016-11-17T17:56:35.881Z","storeservices":{"createdAt":"2016-11-17T17:57:08.466Z","updatedAt":"2016-11-17T17:57:08.466Z","storeId":183,"serviceId":3}},{"id":4,"name":"Apple Shop","createdAt":"2016-11-17T17:56:35.881Z","updatedAt":"2016-11-17T17:56:35.881Z","storeservices":{"createdAt":"2016-11-17T17:57:08.466Z","updatedAt":"2016-11-17T17:57:08.466Z","storeId":183,"serviceId":4}},{"id":5,"name":"Hablamos Español","createdAt":"2016-11-17T17:56:35.881Z","updatedAt":"2016-11-17T17:56:35.881Z","storeservices":{"createdAt":"2016-11-17T17:57:08.466Z","updatedAt":"2016-11-17T17:57:08.466Z","storeId":183,"serviceId":5}},{"id":7,"name":"Electronics Recycling","createdAt":"2016-11-17T17:56:35.881Z","updatedAt":"2016-11-17T17:56:35.881Z","storeservices":{"createdAt":"2016-11-17T17:57:08.466Z","updatedAt":"2016-11-17T17:57:08.466Z","storeId":183,"serviceId":7}},{"id":8,"name":"Magnolia Home Theater","createdAt":"2016-11-17T17:56:35.881Z","updatedAt":"2016-11-17T17:56:35.881Z","storeservices":{"createdAt":"2016-11-17T17:57:08.466Z","updatedAt":"2016-11-17T17:57:08.466Z","storeId":183,"serviceId":8}},{"id":10,"name":"Windows Store","createdAt":"2016-11-17T17:56:35.881Z","updatedAt":"2016-11-17T17:56:35.881Z","storeservices":{"createdAt":"2016-11-17T17:57:08.466Z","updatedAt":"2016-11-17T17:57:08.466Z","storeId":183,"serviceId":10}},{"id":11,"name":"Samsung Experience","createdAt":"2016-11-17T17:56:35.881Z","updatedAt":"2016-11-17T17:56:35.881Z","storeservices":{"createdAt":"2016-11-17T17:57:08.466Z","updatedAt":"2016-11-17T17:57:08.466Z","storeId":183,"serviceId":11}},{"id":12,"name":"Car & GPS Installation Services","createdAt":"2016-11-17T17:56:35.881Z","updatedAt":"2016-11-17T17:56:35.881Z","storeservices":{"createdAt":"2016-11-17T17:57:08.466Z","updatedAt":"2016-11-17T17:57:08.466Z","storeId":183,"serviceId":12}},{"id":13,"name":"LG Experience ","createdAt":"2016-11-17T17:56:35.881Z","updatedAt":"2016-11-17T17:56:35.881Z","storeservices":{"createdAt":"2016-11-17T17:57:08.466Z","updatedAt":"2016-11-17T17:57:08.466Z","storeId":183,"serviceId":13}},{"id":14,"name":"Sony Experience ","createdAt":"2016-11-17T17:56:35.881Z","updatedAt":"2016-11-17T17:56:35.881Z","storeservices":{"createdAt":"2016-11-17T17:57:08.466Z","updatedAt":"2016-11-17T17:57:08.466Z","storeId":183,"serviceId":14}},{"id":16,"name":"Pacific Sales Kitchen & Home","createdAt":"2016-11-17T17:56:35.881Z","updatedAt":"2016-11-17T17:56:35.881Z","storeservices":{"createdAt":"2016-11-17T17:57:08.466Z","updatedAt":"2016-11-17T17:57:08.466Z","storeId":183,"serviceId":16}}]},{"id":393,"name":"West Hollywood","type":"BigBox","address":"1015 N La Brea Ave","address2":"","city":"W Hollywood","state":"CA","zip":"90038","lat":34.089316,"lng":-118.344561,"hours":"Mon: 10-9; Tue: 10-9; Wed: 10-9; Thurs: 10-9; Fri: 10-9; Sat: 10-9; Sun: 11-8","createdAt":"2016-11-17T17:57:05.596Z","updatedAt":"2016-11-17T17:57:05.596Z","services":[{"id":1,"name":"Geek Squad Services","createdAt":"2016-11-17T17:56:35.881Z","updatedAt":"2016-11-17T17:56:35.881Z","storeservices":{"createdAt":"2016-11-17T17:57:09.066Z","updatedAt":"2016-11-17T17:57:09.066Z","storeId":393,"serviceId":1}},{"id":2,"name":"Best Buy Mobile","createdAt":"2016-11-17T17:56:35.881Z","updatedAt":"2016-11-17T17:56:35.881Z","storeservices":{"createdAt":"2016-11-17T17:57:09.066Z","updatedAt":"2016-11-17T17:57:09.066Z","storeId":393,"serviceId":2}},{"id":3,"name":"Best Buy For Business","createdAt":"2016-11-17T17:56:35.881Z","updatedAt":"2016-11-17T17:56:35.881Z","storeservices":{"createdAt":"2016-11-17T17:57:09.066Z","updatedAt":"2016-11-17T17:57:09.066Z","storeId":393,"serviceId":3}},{"id":4,"name":"Apple Shop","createdAt":"2016-11-17T17:56:35.881Z","updatedAt":"2016-11-17T17:56:35.881Z","storeservices":{"createdAt":"2016-11-17T17:57:09.066Z","updatedAt":"2016-11-17T17:57:09.066Z","storeId":393,"serviceId":4}},{"id":5,"name":"Hablamos Español","createdAt":"2016-11-17T17:56:35.881Z","updatedAt":"2016-11-17T17:56:35.881Z","storeservices":{"createdAt":"2016-11-17T17:57:09.066Z","updatedAt":"2016-11-17T17:57:09.066Z","storeId":393,"serviceId":5}},{"id":7,"name":"Electronics Recycling","createdAt":"2016-11-17T17:56:35.881Z","updatedAt":"2016-11-17T17:56:35.881Z","storeservices":{"createdAt":"2016-11-17T17:57:09.066Z","updatedAt":"2016-11-17T17:57:09.066Z","storeId":393,"serviceId":7}},{"id":10,"name":"Windows Store","createdAt":"2016-11-17T17:56:35.881Z","updatedAt":"2016-11-17T17:56:35.881Z","storeservices":{"createdAt":"2016-11-17T17:57:09.066Z","updatedAt":"2016-11-17T17:57:09.066Z","storeId":393,"serviceId":10}},{"id":11,"name":"Samsung Experience","createdAt":"2016-11-17T17:56:35.881Z","updatedAt":"2016-11-17T17:56:35.881Z","storeservices":{"createdAt":"2016-11-17T17:57:09.066Z","updatedAt":"2016-11-17T17:57:09.066Z","storeId":393,"serviceId":11}},{"id":12,"name":"Car & GPS Installation Services","createdAt":"2016-11-17T17:56:35.881Z","updatedAt":"2016-11-17T17:56:35.881Z","storeservices":{"createdAt":"2016-11-17T17:57:09.066Z","updatedAt":"2016-11-17T17:57:09.066Z","storeId":393,"serviceId":12}},{"id":13,"name":"LG Experience ","createdAt":"2016-11-17T17:56:35.881Z","updatedAt":"2016-11-17T17:56:35.881Z","storeservices":{"createdAt":"2016-11-17T17:57:09.066Z","updatedAt":"2016-11-17T17:57:09.066Z","storeId":393,"serviceId":13}},{"id":14,"name":"Sony Experience ","createdAt":"2016-11-17T17:56:35.881Z","updatedAt":"2016-11-17T17:56:35.881Z","storeservices":{"createdAt":"2016-11-17T17:57:09.066Z","updatedAt":"2016-11-17T17:57:09.066Z","storeId":393,"serviceId":14}},{"id":16,"name":"Pacific Sales Kitchen & Home","createdAt":"2016-11-17T17:56:35.881Z","updatedAt":"2016-11-17T17:56:35.881Z","storeservices":{"createdAt":"2016-11-17T17:57:09.066Z","updatedAt":"2016-11-17T17:57:09.066Z","storeId":393,"serviceId":16}},{"id":17,"name":"Magnolia Design Center ","createdAt":"2016-11-17T17:56:35.881Z","updatedAt":"2016-11-17T17:56:35.881Z","storeservices":{"createdAt":"2016-11-17T17:57:09.066Z","updatedAt":"2016-11-17T17:57:09.066Z","storeId":393,"serviceId":17}}]},{"id":764,"name":"Sherman Oaks","type":"BigBox","address":"4500 Van Nuys Blvd","address2":"","city":"Sherman Oaks","state":"CA","zip":"91403","lat":34.153481,"lng":-118.44733,"hours":"Mon: 10-9; Tue: 10-9; Wed: 10-9; Thurs: 10-9; Fri: 10-9; Sat: 10-9; Sun: 11-8","createdAt":"2016-11-17T17:57:05.848Z","updatedAt":"2016-11-17T17:57:05.848Z","services":[{"id":1,"name":"Geek Squad Services","createdAt":"2016-11-17T17:56:35.881Z","updatedAt":"2016-11-17T17:56:35.881Z","storeservices":{"createdAt":"2016-11-17T17:57:09.415Z","updatedAt":"2016-11-17T17:57:09.415Z","storeId":764,"serviceId":1}},{"id":2,"name":"Best Buy Mobile","createdAt":"2016-11-17T17:56:35.881Z","updatedAt":"2016-11-17T17:56:35.881Z","storeservices":{"createdAt":"2016-11-17T17:57:09.415Z","updatedAt":"2016-11-17T17:57:09.415Z","storeId":764,"serviceId":2}},{"id":3,"name":"Best Buy For Business","createdAt":"2016-11-17T17:56:35.881Z","updatedAt":"2016-11-17T17:56:35.881Z","storeservices":{"createdAt":"2016-11-17T17:57:09.415Z","updatedAt":"2016-11-17T17:57:09.415Z","storeId":764,"serviceId":3}},{"id":4,"name":"Apple Shop","createdAt":"2016-11-17T17:56:35.881Z","updatedAt":"2016-11-17T17:56:35.881Z","storeservices":{"createdAt":"2016-11-17T17:57:09.415Z","updatedAt":"2016-11-17T17:57:09.415Z","storeId":764,"serviceId":4}},{"id":5,"name":"Hablamos Español","createdAt":"2016-11-17T17:56:35.881Z","updatedAt":"2016-11-17T17:56:35.881Z","storeservices":{"createdAt":"2016-11-17T17:57:09.415Z","updatedAt":"2016-11-17T17:57:09.415Z","storeId":764,"serviceId":5}},{"id":7,"name":"Electronics Recycling","createdAt":"2016-11-17T17:56:35.881Z","updatedAt":"2016-11-17T17:56:35.881Z","storeservices":{"createdAt":"2016-11-17T17:57:09.415Z","updatedAt":"2016-11-17T17:57:09.415Z","storeId":764,"serviceId":7}},{"id":8,"name":"Magnolia Home Theater","createdAt":"2016-11-17T17:56:35.881Z","updatedAt":"2016-11-17T17:56:35.881Z","storeservices":{"createdAt":"2016-11-17T17:57:09.415Z","updatedAt":"2016-11-17T17:57:09.415Z","storeId":764,"serviceId":8}},{"id":10,"name":"Windows Store","createdAt":"2016-11-17T17:56:35.881Z","updatedAt":"2016-11-17T17:56:35.881Z","storeservices":{"createdAt":"2016-11-17T17:57:09.415Z","updatedAt":"2016-11-17T17:57:09.415Z","storeId":764,"serviceId":10}},{"id":11,"name":"Samsung Experience","createdAt":"2016-11-17T17:56:35.881Z","updatedAt":"2016-11-17T17:56:35.881Z","storeservices":{"createdAt":"2016-11-17T17:57:09.415Z","updatedAt":"2016-11-17T17:57:09.415Z","storeId":764,"serviceId":11}},{"id":13,"name":"LG Experience ","createdAt":"2016-11-17T17:56:35.881Z","updatedAt":"2016-11-17T17:56:35.881Z","storeservices":{"createdAt":"2016-11-17T17:57:09.415Z","updatedAt":"2016-11-17T17:57:09.415Z","storeId":764,"serviceId":13}},{"id":14,"name":"Sony Experience ","createdAt":"2016-11-17T17:56:35.881Z","updatedAt":"2016-11-17T17:56:35.881Z","storeservices":{"createdAt":"2016-11-17T17:57:09.415Z","updatedAt":"2016-11-17T17:57:09.415Z","storeId":764,"serviceId":14}},{"id":16,"name":"Pacific Sales Kitchen & Home","createdAt":"2016-11-17T17:56:35.881Z","updatedAt":"2016-11-17T17:56:35.881Z","storeservices":{"createdAt":"2016-11-17T17:57:09.415Z","updatedAt":"2016-11-17T17:57:09.415Z","storeId":764,"serviceId":16}}]},{"id":1180,"name":"Northridge","type":"BigBox","address":"19350 #B Nordhoff Way","address2":"","city":"Northridge","state":"CA","zip":"91324","lat":34.23403,"lng":-118.55508,"hours":"Mon: 10-9; Tue: 10-9; Wed: 10-9; Thurs: 10-9; Fri: 10-9; Sat: 10-9; Sun: 11-8","createdAt":"2016-11-17T17:57:04.517Z","updatedAt":"2016-11-17T17:57:04.517Z","services":[{"id":1,"name":"Geek Squad Services","createdAt":"2016-11-17T17:56:35.881Z","updatedAt":"2016-11-17T17:56:35.881Z","storeservices":{"createdAt":"2016-11-17T17:57:08.113Z","updatedAt":"2016-11-17T17:57:08.113Z","storeId":1180,"serviceId":1}},{"id":2,"name":"Best Buy Mobile","createdAt":"2016-11-17T17:56:35.881Z","updatedAt":"2016-11-17T17:56:35.881Z","storeservices":{"createdAt":"2016-11-17T17:57:08.113Z","updatedAt":"2016-11-17T17:57:08.113Z","storeId":1180,"serviceId":2}},{"id":3,"name":"Best Buy For Business","createdAt":"2016-11-17T17:56:35.881Z","updatedAt":"2016-11-17T17:56:35.881Z","storeservices":{"createdAt":"2016-11-17T17:57:08.113Z","updatedAt":"2016-11-17T17:57:08.113Z","storeId":1180,"serviceId":3}},{"id":4,"name":"Apple Shop","createdAt":"2016-11-17T17:56:35.881Z","updatedAt":"2016-11-17T17:56:35.881Z","storeservices":{"createdAt":"2016-11-17T17:57:08.113Z","updatedAt":"2016-11-17T17:57:08.113Z","storeId":1180,"serviceId":4}},{"id":5,"name":"Hablamos Español","createdAt":"2016-11-17T17:56:35.881Z","updatedAt":"2016-11-17T17:56:35.881Z","storeservices":{"createdAt":"2016-11-17T17:57:08.113Z","updatedAt":"2016-11-17T17:57:08.113Z","storeId":1180,"serviceId":5}},{"id":7,"name":"Electronics Recycling","createdAt":"2016-11-17T17:56:35.881Z","updatedAt":"2016-11-17T17:56:35.881Z","storeservices":{"createdAt":"2016-11-17T17:57:08.113Z","updatedAt":"2016-11-17T17:57:08.113Z","storeId":1180,"serviceId":7}},{"id":10,"name":"Windows Store","createdAt":"2016-11-17T17:56:35.881Z","updatedAt":"2016-11-17T17:56:35.881Z","storeservices":{"createdAt":"2016-11-17T17:57:08.113Z","updatedAt":"2016-11-17T17:57:08.113Z","storeId":1180,"serviceId":10}},{"id":11,"name":"Samsung Experience","createdAt":"2016-11-17T17:56:35.881Z","updatedAt":"2016-11-17T17:56:35.881Z","storeservices":{"createdAt":"2016-11-17T17:57:08.113Z","updatedAt":"2016-11-17T17:57:08.113Z","storeId":1180,"serviceId":11}},{"id":12,"name":"Car & GPS Installation Services","createdAt":"2016-11-17T17:56:35.881Z","updatedAt":"2016-11-17T17:56:35.881Z","storeservices":{"createdAt":"2016-11-17T17:57:08.113Z","updatedAt":"2016-11-17T17:57:08.113Z","storeId":1180,"serviceId":12}},{"id":13,"name":"LG Experience ","createdAt":"2016-11-17T17:56:35.881Z","updatedAt":"2016-11-17T17:56:35.881Z","storeservices":{"createdAt":"2016-11-17T17:57:08.113Z","updatedAt":"2016-11-17T17:57:08.113Z","storeId":1180,"serviceId":13}},{"id":14,"name":"Sony Experience ","createdAt":"2016-11-17T17:56:35.881Z","updatedAt":"2016-11-17T17:56:35.881Z","storeservices":{"createdAt":"2016-11-17T17:57:08.113Z","updatedAt":"2016-11-17T17:57:08.113Z","storeId":1180,"serviceId":14}}]},{"id":1510,"name":"Culver City Westfield Mall","type":"BigBox","address":"6000 Sepulveda Blvd.","address2":"","city":"Culver City","state":"CA","zip":"90230","lat":33.985787,"lng":-118.394938,"hours":"Mon: 10-9; Tue: 10-9; Wed: 10-9; Thurs: 10-9; Fri: 10-9; Sat: 10-9; Sun: 11-8","createdAt":"2016-11-17T17:57:04.783Z","updatedAt":"2016-11-17T17:57:04.783Z","services":[{"id":1,"name":"Geek Squad Services","createdAt":"2016-11-17T17:56:35.881Z","updatedAt":"2016-11-17T17:56:35.881Z","storeservices":{"createdAt":"2016-11-17T17:57:08.340Z","updatedAt":"2016-11-17T17:57:08.340Z","storeId":1510,"serviceId":1}},{"id":2,"name":"Best Buy Mobile","createdAt":"2016-11-17T17:56:35.881Z","updatedAt":"2016-11-17T17:56:35.881Z","storeservices":{"createdAt":"2016-11-17T17:57:08.340Z","updatedAt":"2016-11-17T17:57:08.340Z","storeId":1510,"serviceId":2}},{"id":3,"name":"Best Buy For Business","createdAt":"2016-11-17T17:56:35.881Z","updatedAt":"2016-11-17T17:56:35.881Z","storeservices":{"createdAt":"2016-11-17T17:57:08.340Z","updatedAt":"2016-11-17T17:57:08.340Z","storeId":1510,"serviceId":3}},{"id":4,"name":"Apple Shop","createdAt":"2016-11-17T17:56:35.881Z","updatedAt":"2016-11-17T17:56:35.881Z","storeservices":{"createdAt":"2016-11-17T17:57:08.340Z","updatedAt":"2016-11-17T17:57:08.340Z","storeId":1510,"serviceId":4}},{"id":5,"name":"Hablamos Español","createdAt":"2016-11-17T17:56:35.881Z","updatedAt":"2016-11-17T17:56:35.881Z","storeservices":{"createdAt":"2016-11-17T17:57:08.340Z","updatedAt":"2016-11-17T17:57:08.340Z","storeId":1510,"serviceId":5}},{"id":7,"name":"Electronics Recycling","createdAt":"2016-11-17T17:56:35.881Z","updatedAt":"2016-11-17T17:56:35.881Z","storeservices":{"createdAt":"2016-11-17T17:57:08.340Z","updatedAt":"2016-11-17T17:57:08.340Z","storeId":1510,"serviceId":7}},{"id":10,"name":"Windows Store","createdAt":"2016-11-17T17:56:35.881Z","updatedAt":"2016-11-17T17:56:35.881Z","storeservices":{"createdAt":"2016-11-17T17:57:08.340Z","updatedAt":"2016-11-17T17:57:08.340Z","storeId":1510,"serviceId":10}},{"id":11,"name":"Samsung Experience","createdAt":"2016-11-17T17:56:35.881Z","updatedAt":"2016-11-17T17:56:35.881Z","storeservices":{"createdAt":"2016-11-17T17:57:08.340Z","updatedAt":"2016-11-17T17:57:08.340Z","storeId":1510,"serviceId":11}},{"id":12,"name":"Car & GPS Installation Services","createdAt":"2016-11-17T17:56:35.881Z","updatedAt":"2016-11-17T17:56:35.881Z","storeservices":{"createdAt":"2016-11-17T17:57:08.340Z","updatedAt":"2016-11-17T17:57:08.340Z","storeId":1510,"serviceId":12}}]}]}

22:49:10.222 [pool-1-thread-2] INFO  com.intuit.karate.Runner - <<pass>> feature 14 of 17: classpath:com/n26/bestbuy/api/stores/stores-get.feature
---------------------------------------------------------
feature: classpath:com/n26/bestbuy/api/stores/stores-get.feature
report: target\surefire-reports\com.n26.bestbuy.api.stores.stores-get.json
scenarios:  3 | passed:  3 | failed:  0 | time: 1.9453
---------------------------------------------------------
Karate version: 0.9.4
======================================================
elapsed:  22.91 | threads:    5 | thread time: 98.18 
features:    17 | ignored:    0 | efficiency: 0.86
scenarios:   47 | passed:    46 | failed: 1
======================================================
failed features:
com.n26.bestbuy.api.products.products-patch: products-patch.feature:11 - 
java.net.SocketTimeoutException: Read timed out

]]></system-out>
    <system-err><![CDATA[ERROR StatusLogger No log4j2 configuration file found. Using default configuration: logging only errors to the console.
]]></system-err>
  </testcase>
</testsuite>