<?xml version="1.0" encoding="UTF-8"?>
<testng-results skipped="0" failed="0" total="1" passed="1">
  <reporter-output>
  </reporter-output>
  <suite name="Default suite" duration-ms="16418" started-at="2019-11-08T17:10:15Z" finished-at="2019-11-08T17:10:32Z">
    <groups>
    </groups>
    <test name="Default test" duration-ms="16418" started-at="2019-11-08T17:10:15Z" finished-at="2019-11-08T17:10:32Z">
      <class name="com.n26.bestbuy.api.PlayGroundTest">
        <test-method status="PASS" signature="testParallel()[pri:0, instance:com.n26.bestbuy.api.PlayGroundTest@6767c1fc]" name="testParallel" duration-ms="16362" started-at="2019-11-08T22:40:15Z" finished-at="2019-11-08T22:40:32Z">
          <reporter-output>
          </reporter-output>
        </test-method> <!-- testParallel -->
      </class> <!-- com.n26.bestbuy.api.PlayGroundTest -->
    </test> <!-- Default test -->
  </suite> <!-- Default suite -->
</testng-results>
